2023-04-01 12:27:21.897 [ERRO] {3830c1f215b55117bfb92d19435e60c4} 删除分类失败
Stack:
1.  github.com/SupenBysz/gf-admin-community/internal/logic/sys_logs.(*sSysLogs).Error
    E:/GO/GOPATH/pkg/mod/github.com/!supen!bysz/gf-admin-community@v0.4.1/internal/logic/sys_logs/sys_logs.go:104
2.  github.com/SupenBysz/gf-admin-community/internal/logic/sys_logs.(*sSysLogs).ErrorSimple
    E:/GO/GOPATH/pkg/mod/github.com/!supen!bysz/gf-admin-community@v0.4.1/internal/logic/sys_logs/sys_logs.go:114
3.  401-company/internal/logic/classify.(*sClassify).DeleteClassify
    E:/GO/GOPATH/src/401-company/internal/logic/classify/classify.go:96
4.  401-company/controller.(*cClassify).DeleteClassify
    E:/GO/GOPATH/src/401-company/controller/classify.go:56
5.  github.com/gogf/gf/v2/net/ghttp.(*middleware).callHandlerFunc.func1
    E:/GO/GOPATH/pkg/mod/github.com/gogf/gf/v2@v2.3.2/net/ghttp/ghttp_request_middleware.go:152
6.  github.com/gogf/gf/v2/net/ghttp.niceCallFunc
    E:/GO/GOPATH/pkg/mod/github.com/gogf/gf/v2@v2.3.2/net/ghttp/ghttp_func.go:55
7.  github.com/gogf/gf/v2/net/ghttp.(*middleware).callHandlerFunc
    E:/GO/GOPATH/pkg/mod/github.com/gogf/gf/v2@v2.3.2/net/ghttp/ghttp_request_middleware.go:129
8.  github.com/gogf/gf/v2/net/ghttp.(*middleware).Next.func1
    E:/GO/GOPATH/pkg/mod/github.com/gogf/gf/v2@v2.3.2/net/ghttp/ghttp_request_middleware.go:75
9.  github.com/gogf/gf/v2/util/gutil.TryCatch
    E:/GO/GOPATH/pkg/mod/github.com/gogf/gf/v2@v2.3.2/util/gutil/gutil.go:56
10. github.com/gogf/gf/v2/net/ghttp.(*middleware).Next
    E:/GO/GOPATH/pkg/mod/github.com/gogf/gf/v2@v2.3.2/net/ghttp/ghttp_request_middleware.go:49
11. github.com/SupenBysz/gf-admin-community/internal/logic/sys_jwt.(*sJwt).MakeSession
    E:/GO/GOPATH/pkg/mod/github.com/!supen!bysz/gf-admin-community@v0.4.1/internal/logic/sys_jwt/sys_jwt.go:171
12. github.com/SupenBysz/gf-admin-community/internal/logic/sys_jwt.(*sJwt).Middleware
    E:/GO/GOPATH/pkg/mod/github.com/!supen!bysz/gf-admin-community@v0.4.1/internal/logic/sys_jwt/sys_jwt.go:131
13. github.com/SupenBysz/gf-admin-community/internal/logic/sys_middleware.(*sMiddleware).Auth
    E:/GO/GOPATH/pkg/mod/github.com/!supen!bysz/gf-admin-community@v0.4.1/internal/logic/sys_middleware/sys_middleware.go:27
14. github.com/gogf/gf/v2/net/ghttp.(*middleware).Next.func1.1
    E:/GO/GOPATH/pkg/mod/github.com/gogf/gf/v2@v2.3.2/net/ghttp/ghttp_request_middleware.go:55
15. github.com/gogf/gf/v2/net/ghttp.niceCallFunc
    E:/GO/GOPATH/pkg/mod/github.com/gogf/gf/v2@v2.3.2/net/ghttp/ghttp_func.go:55
16. github.com/gogf/gf/v2/net/ghttp.(*middleware).Next.func1
    E:/GO/GOPATH/pkg/mod/github.com/gogf/gf/v2@v2.3.2/net/ghttp/ghttp_request_middleware.go:54
17. github.com/gogf/gf/v2/util/gutil.TryCatch
    E:/GO/GOPATH/pkg/mod/github.com/gogf/gf/v2@v2.3.2/util/gutil/gutil.go:56
18. github.com/gogf/gf/v2/net/ghttp.(*middleware).Next
    E:/GO/GOPATH/pkg/mod/github.com/gogf/gf/v2@v2.3.2/net/ghttp/ghttp_request_middleware.go:49
19. github.com/SupenBysz/gf-admin-community/internal/logic/sys_middleware.(*sMiddleware).ResponseHandler
    E:/GO/GOPATH/pkg/mod/github.com/!supen!bysz/gf-admin-community@v0.4.1/internal/logic/sys_middleware/sys_middleware.go:65
20. github.com/gogf/gf/v2/net/ghttp.(*middleware).Next.func1.1
    E:/GO/GOPATH/pkg/mod/github.com/gogf/gf/v2@v2.3.2/net/ghttp/ghttp_request_middleware.go:55
21. github.com/gogf/gf/v2/net/ghttp.niceCallFunc
    E:/GO/GOPATH/pkg/mod/github.com/gogf/gf/v2@v2.3.2/net/ghttp/ghttp_func.go:55
22. github.com/gogf/gf/v2/net/ghttp.(*middleware).Next.func1
    E:/GO/GOPATH/pkg/mod/github.com/gogf/gf/v2@v2.3.2/net/ghttp/ghttp_request_middleware.go:54
23. github.com/gogf/gf/v2/util/gutil.TryCatch
    E:/GO/GOPATH/pkg/mod/github.com/gogf/gf/v2@v2.3.2/util/gutil/gutil.go:56
24. github.com/gogf/gf/v2/net/ghttp.(*middleware).Next
    E:/GO/GOPATH/pkg/mod/github.com/gogf/gf/v2@v2.3.2/net/ghttp/ghttp_request_middleware.go:49
25. github.com/SupenBysz/gf-admin-community/internal/logic/sys_middleware.(*sMiddleware).CTX
    E:/GO/GOPATH/pkg/mod/github.com/!supen!bysz/gf-admin-community@v0.4.1/internal/logic/sys_middleware/sys_middleware.go:46
26. github.com/gogf/gf/v2/net/ghttp.(*middleware).Next.func1.1
    E:/GO/GOPATH/pkg/mod/github.com/gogf/gf/v2@v2.3.2/net/ghttp/ghttp_request_middleware.go:55
27. github.com/gogf/gf/v2/net/ghttp.niceCallFunc
    E:/GO/GOPATH/pkg/mod/github.com/gogf/gf/v2@v2.3.2/net/ghttp/ghttp_func.go:55
28. github.com/gogf/gf/v2/net/ghttp.(*middleware).Next.func1
    E:/GO/GOPATH/pkg/mod/github.com/gogf/gf/v2@v2.3.2/net/ghttp/ghttp_request_middleware.go:54
29. github.com/gogf/gf/v2/util/gutil.TryCatch
    E:/GO/GOPATH/pkg/mod/github.com/gogf/gf/v2@v2.3.2/util/gutil/gutil.go:56
30. github.com/gogf/gf/v2/net/ghttp.(*middleware).Next
    E:/GO/GOPATH/pkg/mod/github.com/gogf/gf/v2@v2.3.2/net/ghttp/ghttp_request_middleware.go:49
31. github.com/gogf/gf/v2/net/ghttp.internalMiddlewareServerTracing
    E:/GO/GOPATH/pkg/mod/github.com/gogf/gf/v2@v2.3.2/net/ghttp/ghttp_middleware_tracing.go:78
32. github.com/gogf/gf/v2/net/ghttp.(*middleware).Next.func1.5
    E:/GO/GOPATH/pkg/mod/github.com/gogf/gf/v2@v2.3.2/net/ghttp/ghttp_request_middleware.go:96
33. github.com/gogf/gf/v2/net/ghttp.niceCallFunc
    E:/GO/GOPATH/pkg/mod/github.com/gogf/gf/v2@v2.3.2/net/ghttp/ghttp_func.go:55
34. github.com/gogf/gf/v2/net/ghttp.(*middleware).Next.func1
    E:/GO/GOPATH/pkg/mod/github.com/gogf/gf/v2@v2.3.2/net/ghttp/ghttp_request_middleware.go:95
35. github.com/gogf/gf/v2/util/gutil.TryCatch
    E:/GO/GOPATH/pkg/mod/github.com/gogf/gf/v2@v2.3.2/util/gutil/gutil.go:56
36. github.com/gogf/gf/v2/net/ghttp.(*middleware).Next
    E:/GO/GOPATH/pkg/mod/github.com/gogf/gf/v2@v2.3.2/net/ghttp/ghttp_request_middleware.go:49
37. github.com/gogf/gf/v2/net/ghttp.(*Server).ServeHTTP
    E:/GO/GOPATH/pkg/mod/github.com/gogf/gf/v2@v2.3.2/net/ghttp/ghttp_server_handler.go:132

2023-04-01 12:30:51.681 [ERRO] {28aefeca46b5511775d1694a11d3bb87} 查询分类ID失败
Stack:
1.  github.com/SupenBysz/gf-admin-community/internal/logic/sys_logs.(*sSysLogs).Error
    E:/GO/GOPATH/pkg/mod/github.com/!supen!bysz/gf-admin-community@v0.4.1/internal/logic/sys_logs/sys_logs.go:104
2.  github.com/SupenBysz/gf-admin-community/internal/logic/sys_logs.(*sSysLogs).ErrorSimple
    E:/GO/GOPATH/pkg/mod/github.com/!supen!bysz/gf-admin-community@v0.4.1/internal/logic/sys_logs/sys_logs.go:114
3.  401-company/internal/logic/classify.(*sClassify).SaveClassify
    E:/GO/GOPATH/src/401-company/internal/logic/classify/classify.go:78
4.  401-company/internal/logic/classify.(*sClassify).UpdateClassify
    E:/GO/GOPATH/src/401-company/internal/logic/classify/classify.go:38
5.  401-company/controller.(*cClassify).UpdateClassify
    E:/GO/GOPATH/src/401-company/controller/classify.go:34
6.  github.com/gogf/gf/v2/net/ghttp.(*middleware).callHandlerFunc.func1
    E:/GO/GOPATH/pkg/mod/github.com/gogf/gf/v2@v2.3.2/net/ghttp/ghttp_request_middleware.go:152
7.  github.com/gogf/gf/v2/net/ghttp.niceCallFunc
    E:/GO/GOPATH/pkg/mod/github.com/gogf/gf/v2@v2.3.2/net/ghttp/ghttp_func.go:55
8.  github.com/gogf/gf/v2/net/ghttp.(*middleware).callHandlerFunc
    E:/GO/GOPATH/pkg/mod/github.com/gogf/gf/v2@v2.3.2/net/ghttp/ghttp_request_middleware.go:129
9.  github.com/gogf/gf/v2/net/ghttp.(*middleware).Next.func1
    E:/GO/GOPATH/pkg/mod/github.com/gogf/gf/v2@v2.3.2/net/ghttp/ghttp_request_middleware.go:75
10. github.com/gogf/gf/v2/util/gutil.TryCatch
    E:/GO/GOPATH/pkg/mod/github.com/gogf/gf/v2@v2.3.2/util/gutil/gutil.go:56
11. github.com/gogf/gf/v2/net/ghttp.(*middleware).Next
    E:/GO/GOPATH/pkg/mod/github.com/gogf/gf/v2@v2.3.2/net/ghttp/ghttp_request_middleware.go:49
12. github.com/SupenBysz/gf-admin-community/internal/logic/sys_jwt.(*sJwt).MakeSession
    E:/GO/GOPATH/pkg/mod/github.com/!supen!bysz/gf-admin-community@v0.4.1/internal/logic/sys_jwt/sys_jwt.go:171
13. github.com/SupenBysz/gf-admin-community/internal/logic/sys_jwt.(*sJwt).Middleware
    E:/GO/GOPATH/pkg/mod/github.com/!supen!bysz/gf-admin-community@v0.4.1/internal/logic/sys_jwt/sys_jwt.go:131
14. github.com/SupenBysz/gf-admin-community/internal/logic/sys_middleware.(*sMiddleware).Auth
    E:/GO/GOPATH/pkg/mod/github.com/!supen!bysz/gf-admin-community@v0.4.1/internal/logic/sys_middleware/sys_middleware.go:27
15. github.com/gogf/gf/v2/net/ghttp.(*middleware).Next.func1.1
    E:/GO/GOPATH/pkg/mod/github.com/gogf/gf/v2@v2.3.2/net/ghttp/ghttp_request_middleware.go:55
16. github.com/gogf/gf/v2/net/ghttp.niceCallFunc
    E:/GO/GOPATH/pkg/mod/github.com/gogf/gf/v2@v2.3.2/net/ghttp/ghttp_func.go:55
17. github.com/gogf/gf/v2/net/ghttp.(*middleware).Next.func1
    E:/GO/GOPATH/pkg/mod/github.com/gogf/gf/v2@v2.3.2/net/ghttp/ghttp_request_middleware.go:54
18. github.com/gogf/gf/v2/util/gutil.TryCatch
    E:/GO/GOPATH/pkg/mod/github.com/gogf/gf/v2@v2.3.2/util/gutil/gutil.go:56
19. github.com/gogf/gf/v2/net/ghttp.(*middleware).Next
    E:/GO/GOPATH/pkg/mod/github.com/gogf/gf/v2@v2.3.2/net/ghttp/ghttp_request_middleware.go:49
20. github.com/SupenBysz/gf-admin-community/internal/logic/sys_middleware.(*sMiddleware).ResponseHandler
    E:/GO/GOPATH/pkg/mod/github.com/!supen!bysz/gf-admin-community@v0.4.1/internal/logic/sys_middleware/sys_middleware.go:65
21. github.com/gogf/gf/v2/net/ghttp.(*middleware).Next.func1.1
    E:/GO/GOPATH/pkg/mod/github.com/gogf/gf/v2@v2.3.2/net/ghttp/ghttp_request_middleware.go:55
22. github.com/gogf/gf/v2/net/ghttp.niceCallFunc
    E:/GO/GOPATH/pkg/mod/github.com/gogf/gf/v2@v2.3.2/net/ghttp/ghttp_func.go:55
23. github.com/gogf/gf/v2/net/ghttp.(*middleware).Next.func1
    E:/GO/GOPATH/pkg/mod/github.com/gogf/gf/v2@v2.3.2/net/ghttp/ghttp_request_middleware.go:54
24. github.com/gogf/gf/v2/util/gutil.TryCatch
    E:/GO/GOPATH/pkg/mod/github.com/gogf/gf/v2@v2.3.2/util/gutil/gutil.go:56
25. github.com/gogf/gf/v2/net/ghttp.(*middleware).Next
    E:/GO/GOPATH/pkg/mod/github.com/gogf/gf/v2@v2.3.2/net/ghttp/ghttp_request_middleware.go:49
26. github.com/SupenBysz/gf-admin-community/internal/logic/sys_middleware.(*sMiddleware).CTX
    E:/GO/GOPATH/pkg/mod/github.com/!supen!bysz/gf-admin-community@v0.4.1/internal/logic/sys_middleware/sys_middleware.go:46
27. github.com/gogf/gf/v2/net/ghttp.(*middleware).Next.func1.1
    E:/GO/GOPATH/pkg/mod/github.com/gogf/gf/v2@v2.3.2/net/ghttp/ghttp_request_middleware.go:55
28. github.com/gogf/gf/v2/net/ghttp.niceCallFunc
    E:/GO/GOPATH/pkg/mod/github.com/gogf/gf/v2@v2.3.2/net/ghttp/ghttp_func.go:55
29. github.com/gogf/gf/v2/net/ghttp.(*middleware).Next.func1
    E:/GO/GOPATH/pkg/mod/github.com/gogf/gf/v2@v2.3.2/net/ghttp/ghttp_request_middleware.go:54
30. github.com/gogf/gf/v2/util/gutil.TryCatch
    E:/GO/GOPATH/pkg/mod/github.com/gogf/gf/v2@v2.3.2/util/gutil/gutil.go:56
31. github.com/gogf/gf/v2/net/ghttp.(*middleware).Next
    E:/GO/GOPATH/pkg/mod/github.com/gogf/gf/v2@v2.3.2/net/ghttp/ghttp_request_middleware.go:49
32. github.com/gogf/gf/v2/net/ghttp.internalMiddlewareServerTracing
    E:/GO/GOPATH/pkg/mod/github.com/gogf/gf/v2@v2.3.2/net/ghttp/ghttp_middleware_tracing.go:78
33. github.com/gogf/gf/v2/net/ghttp.(*middleware).Next.func1.5
    E:/GO/GOPATH/pkg/mod/github.com/gogf/gf/v2@v2.3.2/net/ghttp/ghttp_request_middleware.go:96
34. github.com/gogf/gf/v2/net/ghttp.niceCallFunc
    E:/GO/GOPATH/pkg/mod/github.com/gogf/gf/v2@v2.3.2/net/ghttp/ghttp_func.go:55
35. github.com/gogf/gf/v2/net/ghttp.(*middleware).Next.func1
    E:/GO/GOPATH/pkg/mod/github.com/gogf/gf/v2@v2.3.2/net/ghttp/ghttp_request_middleware.go:95
36. github.com/gogf/gf/v2/util/gutil.TryCatch
    E:/GO/GOPATH/pkg/mod/github.com/gogf/gf/v2@v2.3.2/util/gutil/gutil.go:56
37. github.com/gogf/gf/v2/net/ghttp.(*middleware).Next
    E:/GO/GOPATH/pkg/mod/github.com/gogf/gf/v2@v2.3.2/net/ghttp/ghttp_request_middleware.go:49
38. github.com/gogf/gf/v2/net/ghttp.(*Server).ServeHTTP
    E:/GO/GOPATH/pkg/mod/github.com/gogf/gf/v2@v2.3.2/net/ghttp/ghttp_server_handler.go:132

2023-04-01 12:33:21.148 [ERRO] {307f869769b55117ec108c14e645f5d7} 删除分类失败
Stack:
1.  github.com/SupenBysz/gf-admin-community/internal/logic/sys_logs.(*sSysLogs).Error
    E:/GO/GOPATH/pkg/mod/github.com/!supen!bysz/gf-admin-community@v0.4.1/internal/logic/sys_logs/sys_logs.go:104
2.  github.com/SupenBysz/gf-admin-community/internal/logic/sys_logs.(*sSysLogs).ErrorSimple
    E:/GO/GOPATH/pkg/mod/github.com/!supen!bysz/gf-admin-community@v0.4.1/internal/logic/sys_logs/sys_logs.go:114
3.  401-company/internal/logic/classify.(*sClassify).DeleteClassify
    E:/GO/GOPATH/src/401-company/internal/logic/classify/classify.go:104
4.  401-company/controller.(*cClassify).DeleteClassify
    E:/GO/GOPATH/src/401-company/controller/classify.go:56
5.  github.com/gogf/gf/v2/net/ghttp.(*middleware).callHandlerFunc.func1
    E:/GO/GOPATH/pkg/mod/github.com/gogf/gf/v2@v2.3.2/net/ghttp/ghttp_request_middleware.go:152
6.  github.com/gogf/gf/v2/net/ghttp.niceCallFunc
    E:/GO/GOPATH/pkg/mod/github.com/gogf/gf/v2@v2.3.2/net/ghttp/ghttp_func.go:55
7.  github.com/gogf/gf/v2/net/ghttp.(*middleware).callHandlerFunc
    E:/GO/GOPATH/pkg/mod/github.com/gogf/gf/v2@v2.3.2/net/ghttp/ghttp_request_middleware.go:129
8.  github.com/gogf/gf/v2/net/ghttp.(*middleware).Next.func1
    E:/GO/GOPATH/pkg/mod/github.com/gogf/gf/v2@v2.3.2/net/ghttp/ghttp_request_middleware.go:75
9.  github.com/gogf/gf/v2/util/gutil.TryCatch
    E:/GO/GOPATH/pkg/mod/github.com/gogf/gf/v2@v2.3.2/util/gutil/gutil.go:56
10. github.com/gogf/gf/v2/net/ghttp.(*middleware).Next
    E:/GO/GOPATH/pkg/mod/github.com/gogf/gf/v2@v2.3.2/net/ghttp/ghttp_request_middleware.go:49
11. github.com/SupenBysz/gf-admin-community/internal/logic/sys_jwt.(*sJwt).MakeSession
    E:/GO/GOPATH/pkg/mod/github.com/!supen!bysz/gf-admin-community@v0.4.1/internal/logic/sys_jwt/sys_jwt.go:171
12. github.com/SupenBysz/gf-admin-community/internal/logic/sys_jwt.(*sJwt).Middleware
    E:/GO/GOPATH/pkg/mod/github.com/!supen!bysz/gf-admin-community@v0.4.1/internal/logic/sys_jwt/sys_jwt.go:131
13. github.com/SupenBysz/gf-admin-community/internal/logic/sys_middleware.(*sMiddleware).Auth
    E:/GO/GOPATH/pkg/mod/github.com/!supen!bysz/gf-admin-community@v0.4.1/internal/logic/sys_middleware/sys_middleware.go:27
14. github.com/gogf/gf/v2/net/ghttp.(*middleware).Next.func1.1
    E:/GO/GOPATH/pkg/mod/github.com/gogf/gf/v2@v2.3.2/net/ghttp/ghttp_request_middleware.go:55
15. github.com/gogf/gf/v2/net/ghttp.niceCallFunc
    E:/GO/GOPATH/pkg/mod/github.com/gogf/gf/v2@v2.3.2/net/ghttp/ghttp_func.go:55
16. github.com/gogf/gf/v2/net/ghttp.(*middleware).Next.func1
    E:/GO/GOPATH/pkg/mod/github.com/gogf/gf/v2@v2.3.2/net/ghttp/ghttp_request_middleware.go:54
17. github.com/gogf/gf/v2/util/gutil.TryCatch
    E:/GO/GOPATH/pkg/mod/github.com/gogf/gf/v2@v2.3.2/util/gutil/gutil.go:56
18. github.com/gogf/gf/v2/net/ghttp.(*middleware).Next
    E:/GO/GOPATH/pkg/mod/github.com/gogf/gf/v2@v2.3.2/net/ghttp/ghttp_request_middleware.go:49
19. github.com/SupenBysz/gf-admin-community/internal/logic/sys_middleware.(*sMiddleware).ResponseHandler
    E:/GO/GOPATH/pkg/mod/github.com/!supen!bysz/gf-admin-community@v0.4.1/internal/logic/sys_middleware/sys_middleware.go:65
20. github.com/gogf/gf/v2/net/ghttp.(*middleware).Next.func1.1
    E:/GO/GOPATH/pkg/mod/github.com/gogf/gf/v2@v2.3.2/net/ghttp/ghttp_request_middleware.go:55
21. github.com/gogf/gf/v2/net/ghttp.niceCallFunc
    E:/GO/GOPATH/pkg/mod/github.com/gogf/gf/v2@v2.3.2/net/ghttp/ghttp_func.go:55
22. github.com/gogf/gf/v2/net/ghttp.(*middleware).Next.func1
    E:/GO/GOPATH/pkg/mod/github.com/gogf/gf/v2@v2.3.2/net/ghttp/ghttp_request_middleware.go:54
23. github.com/gogf/gf/v2/util/gutil.TryCatch
    E:/GO/GOPATH/pkg/mod/github.com/gogf/gf/v2@v2.3.2/util/gutil/gutil.go:56
24. github.com/gogf/gf/v2/net/ghttp.(*middleware).Next
    E:/GO/GOPATH/pkg/mod/github.com/gogf/gf/v2@v2.3.2/net/ghttp/ghttp_request_middleware.go:49
25. github.com/SupenBysz/gf-admin-community/internal/logic/sys_middleware.(*sMiddleware).CTX
    E:/GO/GOPATH/pkg/mod/github.com/!supen!bysz/gf-admin-community@v0.4.1/internal/logic/sys_middleware/sys_middleware.go:46
26. github.com/gogf/gf/v2/net/ghttp.(*middleware).Next.func1.1
    E:/GO/GOPATH/pkg/mod/github.com/gogf/gf/v2@v2.3.2/net/ghttp/ghttp_request_middleware.go:55
27. github.com/gogf/gf/v2/net/ghttp.niceCallFunc
    E:/GO/GOPATH/pkg/mod/github.com/gogf/gf/v2@v2.3.2/net/ghttp/ghttp_func.go:55
28. github.com/gogf/gf/v2/net/ghttp.(*middleware).Next.func1
    E:/GO/GOPATH/pkg/mod/github.com/gogf/gf/v2@v2.3.2/net/ghttp/ghttp_request_middleware.go:54
29. github.com/gogf/gf/v2/util/gutil.TryCatch
    E:/GO/GOPATH/pkg/mod/github.com/gogf/gf/v2@v2.3.2/util/gutil/gutil.go:56
30. github.com/gogf/gf/v2/net/ghttp.(*middleware).Next
    E:/GO/GOPATH/pkg/mod/github.com/gogf/gf/v2@v2.3.2/net/ghttp/ghttp_request_middleware.go:49
31. github.com/gogf/gf/v2/net/ghttp.internalMiddlewareServerTracing
    E:/GO/GOPATH/pkg/mod/github.com/gogf/gf/v2@v2.3.2/net/ghttp/ghttp_middleware_tracing.go:78
32. github.com/gogf/gf/v2/net/ghttp.(*middleware).Next.func1.5
    E:/GO/GOPATH/pkg/mod/github.com/gogf/gf/v2@v2.3.2/net/ghttp/ghttp_request_middleware.go:96
33. github.com/gogf/gf/v2/net/ghttp.niceCallFunc
    E:/GO/GOPATH/pkg/mod/github.com/gogf/gf/v2@v2.3.2/net/ghttp/ghttp_func.go:55
34. github.com/gogf/gf/v2/net/ghttp.(*middleware).Next.func1
    E:/GO/GOPATH/pkg/mod/github.com/gogf/gf/v2@v2.3.2/net/ghttp/ghttp_request_middleware.go:95
35. github.com/gogf/gf/v2/util/gutil.TryCatch
    E:/GO/GOPATH/pkg/mod/github.com/gogf/gf/v2@v2.3.2/util/gutil/gutil.go:56
36. github.com/gogf/gf/v2/net/ghttp.(*middleware).Next
    E:/GO/GOPATH/pkg/mod/github.com/gogf/gf/v2@v2.3.2/net/ghttp/ghttp_request_middleware.go:49
37. github.com/gogf/gf/v2/net/ghttp.(*Server).ServeHTTP
    E:/GO/GOPATH/pkg/mod/github.com/gogf/gf/v2@v2.3.2/net/ghttp/ghttp_server_handler.go:132

2023-04-01 12:34:29.449 [ERRO] {4c3e897c79b55117c564ae547cc15cf4} 删除分类失败
Stack:
1.  github.com/SupenBysz/gf-admin-community/internal/logic/sys_logs.(*sSysLogs).Error
    E:/GO/GOPATH/pkg/mod/github.com/!supen!bysz/gf-admin-community@v0.4.1/internal/logic/sys_logs/sys_logs.go:104
2.  github.com/SupenBysz/gf-admin-community/internal/logic/sys_logs.(*sSysLogs).ErrorSimple
    E:/GO/GOPATH/pkg/mod/github.com/!supen!bysz/gf-admin-community@v0.4.1/internal/logic/sys_logs/sys_logs.go:114
3.  401-company/internal/logic/classify.(*sClassify).DeleteClassify
    E:/GO/GOPATH/src/401-company/internal/logic/classify/classify.go:104
4.  401-company/controller.(*cClassify).DeleteClassify
    E:/GO/GOPATH/src/401-company/controller/classify.go:56
5.  github.com/gogf/gf/v2/net/ghttp.(*middleware).callHandlerFunc.func1
    E:/GO/GOPATH/pkg/mod/github.com/gogf/gf/v2@v2.3.2/net/ghttp/ghttp_request_middleware.go:152
6.  github.com/gogf/gf/v2/net/ghttp.niceCallFunc
    E:/GO/GOPATH/pkg/mod/github.com/gogf/gf/v2@v2.3.2/net/ghttp/ghttp_func.go:55
7.  github.com/gogf/gf/v2/net/ghttp.(*middleware).callHandlerFunc
    E:/GO/GOPATH/pkg/mod/github.com/gogf/gf/v2@v2.3.2/net/ghttp/ghttp_request_middleware.go:129
8.  github.com/gogf/gf/v2/net/ghttp.(*middleware).Next.func1
    E:/GO/GOPATH/pkg/mod/github.com/gogf/gf/v2@v2.3.2/net/ghttp/ghttp_request_middleware.go:75
9.  github.com/gogf/gf/v2/util/gutil.TryCatch
    E:/GO/GOPATH/pkg/mod/github.com/gogf/gf/v2@v2.3.2/util/gutil/gutil.go:56
10. github.com/gogf/gf/v2/net/ghttp.(*middleware).Next
    E:/GO/GOPATH/pkg/mod/github.com/gogf/gf/v2@v2.3.2/net/ghttp/ghttp_request_middleware.go:49
11. github.com/SupenBysz/gf-admin-community/internal/logic/sys_jwt.(*sJwt).MakeSession
    E:/GO/GOPATH/pkg/mod/github.com/!supen!bysz/gf-admin-community@v0.4.1/internal/logic/sys_jwt/sys_jwt.go:171
12. github.com/SupenBysz/gf-admin-community/internal/logic/sys_jwt.(*sJwt).Middleware
    E:/GO/GOPATH/pkg/mod/github.com/!supen!bysz/gf-admin-community@v0.4.1/internal/logic/sys_jwt/sys_jwt.go:131
13. github.com/SupenBysz/gf-admin-community/internal/logic/sys_middleware.(*sMiddleware).Auth
    E:/GO/GOPATH/pkg/mod/github.com/!supen!bysz/gf-admin-community@v0.4.1/internal/logic/sys_middleware/sys_middleware.go:27
14. github.com/gogf/gf/v2/net/ghttp.(*middleware).Next.func1.1
    E:/GO/GOPATH/pkg/mod/github.com/gogf/gf/v2@v2.3.2/net/ghttp/ghttp_request_middleware.go:55
15. github.com/gogf/gf/v2/net/ghttp.niceCallFunc
    E:/GO/GOPATH/pkg/mod/github.com/gogf/gf/v2@v2.3.2/net/ghttp/ghttp_func.go:55
16. github.com/gogf/gf/v2/net/ghttp.(*middleware).Next.func1
    E:/GO/GOPATH/pkg/mod/github.com/gogf/gf/v2@v2.3.2/net/ghttp/ghttp_request_middleware.go:54
17. github.com/gogf/gf/v2/util/gutil.TryCatch
    E:/GO/GOPATH/pkg/mod/github.com/gogf/gf/v2@v2.3.2/util/gutil/gutil.go:56
18. github.com/gogf/gf/v2/net/ghttp.(*middleware).Next
    E:/GO/GOPATH/pkg/mod/github.com/gogf/gf/v2@v2.3.2/net/ghttp/ghttp_request_middleware.go:49
19. github.com/SupenBysz/gf-admin-community/internal/logic/sys_middleware.(*sMiddleware).ResponseHandler
    E:/GO/GOPATH/pkg/mod/github.com/!supen!bysz/gf-admin-community@v0.4.1/internal/logic/sys_middleware/sys_middleware.go:65
20. github.com/gogf/gf/v2/net/ghttp.(*middleware).Next.func1.1
    E:/GO/GOPATH/pkg/mod/github.com/gogf/gf/v2@v2.3.2/net/ghttp/ghttp_request_middleware.go:55
21. github.com/gogf/gf/v2/net/ghttp.niceCallFunc
    E:/GO/GOPATH/pkg/mod/github.com/gogf/gf/v2@v2.3.2/net/ghttp/ghttp_func.go:55
22. github.com/gogf/gf/v2/net/ghttp.(*middleware).Next.func1
    E:/GO/GOPATH/pkg/mod/github.com/gogf/gf/v2@v2.3.2/net/ghttp/ghttp_request_middleware.go:54
23. github.com/gogf/gf/v2/util/gutil.TryCatch
    E:/GO/GOPATH/pkg/mod/github.com/gogf/gf/v2@v2.3.2/util/gutil/gutil.go:56
24. github.com/gogf/gf/v2/net/ghttp.(*middleware).Next
    E:/GO/GOPATH/pkg/mod/github.com/gogf/gf/v2@v2.3.2/net/ghttp/ghttp_request_middleware.go:49
25. github.com/SupenBysz/gf-admin-community/internal/logic/sys_middleware.(*sMiddleware).CTX
    E:/GO/GOPATH/pkg/mod/github.com/!supen!bysz/gf-admin-community@v0.4.1/internal/logic/sys_middleware/sys_middleware.go:46
26. github.com/gogf/gf/v2/net/ghttp.(*middleware).Next.func1.1
    E:/GO/GOPATH/pkg/mod/github.com/gogf/gf/v2@v2.3.2/net/ghttp/ghttp_request_middleware.go:55
27. github.com/gogf/gf/v2/net/ghttp.niceCallFunc
    E:/GO/GOPATH/pkg/mod/github.com/gogf/gf/v2@v2.3.2/net/ghttp/ghttp_func.go:55
28. github.com/gogf/gf/v2/net/ghttp.(*middleware).Next.func1
    E:/GO/GOPATH/pkg/mod/github.com/gogf/gf/v2@v2.3.2/net/ghttp/ghttp_request_middleware.go:54
29. github.com/gogf/gf/v2/util/gutil.TryCatch
    E:/GO/GOPATH/pkg/mod/github.com/gogf/gf/v2@v2.3.2/util/gutil/gutil.go:56
30. github.com/gogf/gf/v2/net/ghttp.(*middleware).Next
    E:/GO/GOPATH/pkg/mod/github.com/gogf/gf/v2@v2.3.2/net/ghttp/ghttp_request_middleware.go:49
31. github.com/gogf/gf/v2/net/ghttp.internalMiddlewareServerTracing
    E:/GO/GOPATH/pkg/mod/github.com/gogf/gf/v2@v2.3.2/net/ghttp/ghttp_middleware_tracing.go:78
32. github.com/gogf/gf/v2/net/ghttp.(*middleware).Next.func1.5
    E:/GO/GOPATH/pkg/mod/github.com/gogf/gf/v2@v2.3.2/net/ghttp/ghttp_request_middleware.go:96
33. github.com/gogf/gf/v2/net/ghttp.niceCallFunc
    E:/GO/GOPATH/pkg/mod/github.com/gogf/gf/v2@v2.3.2/net/ghttp/ghttp_func.go:55
34. github.com/gogf/gf/v2/net/ghttp.(*middleware).Next.func1
    E:/GO/GOPATH/pkg/mod/github.com/gogf/gf/v2@v2.3.2/net/ghttp/ghttp_request_middleware.go:95
35. github.com/gogf/gf/v2/util/gutil.TryCatch
    E:/GO/GOPATH/pkg/mod/github.com/gogf/gf/v2@v2.3.2/util/gutil/gutil.go:56
36. github.com/gogf/gf/v2/net/ghttp.(*middleware).Next
    E:/GO/GOPATH/pkg/mod/github.com/gogf/gf/v2@v2.3.2/net/ghttp/ghttp_request_middleware.go:49
37. github.com/gogf/gf/v2/net/ghttp.(*Server).ServeHTTP
    E:/GO/GOPATH/pkg/mod/github.com/gogf/gf/v2@v2.3.2/net/ghttp/ghttp_server_handler.go:132

2023-04-01 12:37:37.225 [ERRO] {80b43937a5b551175506582b314a1e99} 查询分类ID失败
Stack:
1.  github.com/SupenBysz/gf-admin-community/internal/logic/sys_logs.(*sSysLogs).Error
    E:/GO/GOPATH/pkg/mod/github.com/!supen!bysz/gf-admin-community@v0.4.1/internal/logic/sys_logs/sys_logs.go:104
2.  github.com/SupenBysz/gf-admin-community/internal/logic/sys_logs.(*sSysLogs).ErrorSimple
    E:/GO/GOPATH/pkg/mod/github.com/!supen!bysz/gf-admin-community@v0.4.1/internal/logic/sys_logs/sys_logs.go:114
3.  401-company/internal/logic/classify.(*sClassify).SaveClassify
    E:/GO/GOPATH/src/401-company/internal/logic/classify/classify.go:86
4.  401-company/internal/logic/classify.(*sClassify).UpdateClassify
    E:/GO/GOPATH/src/401-company/internal/logic/classify/classify.go:46
5.  401-company/controller.(*cClassify).UpdateClassify
    E:/GO/GOPATH/src/401-company/controller/classify.go:34
6.  github.com/gogf/gf/v2/net/ghttp.(*middleware).callHandlerFunc.func1
    E:/GO/GOPATH/pkg/mod/github.com/gogf/gf/v2@v2.3.2/net/ghttp/ghttp_request_middleware.go:152
7.  github.com/gogf/gf/v2/net/ghttp.niceCallFunc
    E:/GO/GOPATH/pkg/mod/github.com/gogf/gf/v2@v2.3.2/net/ghttp/ghttp_func.go:55
8.  github.com/gogf/gf/v2/net/ghttp.(*middleware).callHandlerFunc
    E:/GO/GOPATH/pkg/mod/github.com/gogf/gf/v2@v2.3.2/net/ghttp/ghttp_request_middleware.go:129
9.  github.com/gogf/gf/v2/net/ghttp.(*middleware).Next.func1
    E:/GO/GOPATH/pkg/mod/github.com/gogf/gf/v2@v2.3.2/net/ghttp/ghttp_request_middleware.go:75
10. github.com/gogf/gf/v2/util/gutil.TryCatch
    E:/GO/GOPATH/pkg/mod/github.com/gogf/gf/v2@v2.3.2/util/gutil/gutil.go:56
11. github.com/gogf/gf/v2/net/ghttp.(*middleware).Next
    E:/GO/GOPATH/pkg/mod/github.com/gogf/gf/v2@v2.3.2/net/ghttp/ghttp_request_middleware.go:49
12. github.com/SupenBysz/gf-admin-community/internal/logic/sys_jwt.(*sJwt).MakeSession
    E:/GO/GOPATH/pkg/mod/github.com/!supen!bysz/gf-admin-community@v0.4.1/internal/logic/sys_jwt/sys_jwt.go:171
13. github.com/SupenBysz/gf-admin-community/internal/logic/sys_jwt.(*sJwt).Middleware
    E:/GO/GOPATH/pkg/mod/github.com/!supen!bysz/gf-admin-community@v0.4.1/internal/logic/sys_jwt/sys_jwt.go:131
14. github.com/SupenBysz/gf-admin-community/internal/logic/sys_middleware.(*sMiddleware).Auth
    E:/GO/GOPATH/pkg/mod/github.com/!supen!bysz/gf-admin-community@v0.4.1/internal/logic/sys_middleware/sys_middleware.go:27
15. github.com/gogf/gf/v2/net/ghttp.(*middleware).Next.func1.1
    E:/GO/GOPATH/pkg/mod/github.com/gogf/gf/v2@v2.3.2/net/ghttp/ghttp_request_middleware.go:55
16. github.com/gogf/gf/v2/net/ghttp.niceCallFunc
    E:/GO/GOPATH/pkg/mod/github.com/gogf/gf/v2@v2.3.2/net/ghttp/ghttp_func.go:55
17. github.com/gogf/gf/v2/net/ghttp.(*middleware).Next.func1
    E:/GO/GOPATH/pkg/mod/github.com/gogf/gf/v2@v2.3.2/net/ghttp/ghttp_request_middleware.go:54
18. github.com/gogf/gf/v2/util/gutil.TryCatch
    E:/GO/GOPATH/pkg/mod/github.com/gogf/gf/v2@v2.3.2/util/gutil/gutil.go:56
19. github.com/gogf/gf/v2/net/ghttp.(*middleware).Next
    E:/GO/GOPATH/pkg/mod/github.com/gogf/gf/v2@v2.3.2/net/ghttp/ghttp_request_middleware.go:49
20. github.com/SupenBysz/gf-admin-community/internal/logic/sys_middleware.(*sMiddleware).ResponseHandler
    E:/GO/GOPATH/pkg/mod/github.com/!supen!bysz/gf-admin-community@v0.4.1/internal/logic/sys_middleware/sys_middleware.go:65
21. github.com/gogf/gf/v2/net/ghttp.(*middleware).Next.func1.1
    E:/GO/GOPATH/pkg/mod/github.com/gogf/gf/v2@v2.3.2/net/ghttp/ghttp_request_middleware.go:55
22. github.com/gogf/gf/v2/net/ghttp.niceCallFunc
    E:/GO/GOPATH/pkg/mod/github.com/gogf/gf/v2@v2.3.2/net/ghttp/ghttp_func.go:55
23. github.com/gogf/gf/v2/net/ghttp.(*middleware).Next.func1
    E:/GO/GOPATH/pkg/mod/github.com/gogf/gf/v2@v2.3.2/net/ghttp/ghttp_request_middleware.go:54
24. github.com/gogf/gf/v2/util/gutil.TryCatch
    E:/GO/GOPATH/pkg/mod/github.com/gogf/gf/v2@v2.3.2/util/gutil/gutil.go:56
25. github.com/gogf/gf/v2/net/ghttp.(*middleware).Next
    E:/GO/GOPATH/pkg/mod/github.com/gogf/gf/v2@v2.3.2/net/ghttp/ghttp_request_middleware.go:49
26. github.com/SupenBysz/gf-admin-community/internal/logic/sys_middleware.(*sMiddleware).CTX
    E:/GO/GOPATH/pkg/mod/github.com/!supen!bysz/gf-admin-community@v0.4.1/internal/logic/sys_middleware/sys_middleware.go:46
27. github.com/gogf/gf/v2/net/ghttp.(*middleware).Next.func1.1
    E:/GO/GOPATH/pkg/mod/github.com/gogf/gf/v2@v2.3.2/net/ghttp/ghttp_request_middleware.go:55
28. github.com/gogf/gf/v2/net/ghttp.niceCallFunc
    E:/GO/GOPATH/pkg/mod/github.com/gogf/gf/v2@v2.3.2/net/ghttp/ghttp_func.go:55
29. github.com/gogf/gf/v2/net/ghttp.(*middleware).Next.func1
    E:/GO/GOPATH/pkg/mod/github.com/gogf/gf/v2@v2.3.2/net/ghttp/ghttp_request_middleware.go:54
30. github.com/gogf/gf/v2/util/gutil.TryCatch
    E:/GO/GOPATH/pkg/mod/github.com/gogf/gf/v2@v2.3.2/util/gutil/gutil.go:56
31. github.com/gogf/gf/v2/net/ghttp.(*middleware).Next
    E:/GO/GOPATH/pkg/mod/github.com/gogf/gf/v2@v2.3.2/net/ghttp/ghttp_request_middleware.go:49
32. github.com/gogf/gf/v2/net/ghttp.internalMiddlewareServerTracing
    E:/GO/GOPATH/pkg/mod/github.com/gogf/gf/v2@v2.3.2/net/ghttp/ghttp_middleware_tracing.go:78
33. github.com/gogf/gf/v2/net/ghttp.(*middleware).Next.func1.5
    E:/GO/GOPATH/pkg/mod/github.com/gogf/gf/v2@v2.3.2/net/ghttp/ghttp_request_middleware.go:96
34. github.com/gogf/gf/v2/net/ghttp.niceCallFunc
    E:/GO/GOPATH/pkg/mod/github.com/gogf/gf/v2@v2.3.2/net/ghttp/ghttp_func.go:55
35. github.com/gogf/gf/v2/net/ghttp.(*middleware).Next.func1
    E:/GO/GOPATH/pkg/mod/github.com/gogf/gf/v2@v2.3.2/net/ghttp/ghttp_request_middleware.go:95
36. github.com/gogf/gf/v2/util/gutil.TryCatch
    E:/GO/GOPATH/pkg/mod/github.com/gogf/gf/v2@v2.3.2/util/gutil/gutil.go:56
37. github.com/gogf/gf/v2/net/ghttp.(*middleware).Next
    E:/GO/GOPATH/pkg/mod/github.com/gogf/gf/v2@v2.3.2/net/ghttp/ghttp_request_middleware.go:49
38. github.com/gogf/gf/v2/net/ghttp.(*Server).ServeHTTP
    E:/GO/GOPATH/pkg/mod/github.com/gogf/gf/v2@v2.3.2/net/ghttp/ghttp_server_handler.go:132

2023-04-01 14:19:31.613 [ERRO] {a4d387d434bb5117f56b087e2e45194a} 查询商品ID失败
Stack:
1.  github.com/SupenBysz/gf-admin-community/internal/logic/sys_logs.(*sSysLogs).Error
    E:/GO/GOPATH/pkg/mod/github.com/!supen!bysz/gf-admin-community@v0.4.1/internal/logic/sys_logs/sys_logs.go:104
2.  github.com/SupenBysz/gf-admin-community/internal/logic/sys_logs.(*sSysLogs).ErrorSimple
    E:/GO/GOPATH/pkg/mod/github.com/!supen!bysz/gf-admin-community@v0.4.1/internal/logic/sys_logs/sys_logs.go:114
3.  401-company/internal/logic/commodity.(*sCommodity).SaveCommodity
    E:/GO/GOPATH/src/401-company/internal/logic/commodity/commodity.go:101
4.  401-company/internal/logic/commodity.(*sCommodity).CreateCommodity
    E:/GO/GOPATH/src/401-company/internal/logic/commodity/commodity.go:31
5.  401-company/controller.(*cCommodity).CreateCommodity
    E:/GO/GOPATH/src/401-company/controller/commodity.go:23
6.  github.com/gogf/gf/v2/net/ghttp.(*middleware).callHandlerFunc.func1
    E:/GO/GOPATH/pkg/mod/github.com/gogf/gf/v2@v2.3.2/net/ghttp/ghttp_request_middleware.go:152
7.  github.com/gogf/gf/v2/net/ghttp.niceCallFunc
    E:/GO/GOPATH/pkg/mod/github.com/gogf/gf/v2@v2.3.2/net/ghttp/ghttp_func.go:55
8.  github.com/gogf/gf/v2/net/ghttp.(*middleware).callHandlerFunc
    E:/GO/GOPATH/pkg/mod/github.com/gogf/gf/v2@v2.3.2/net/ghttp/ghttp_request_middleware.go:129
9.  github.com/gogf/gf/v2/net/ghttp.(*middleware).Next.func1
    E:/GO/GOPATH/pkg/mod/github.com/gogf/gf/v2@v2.3.2/net/ghttp/ghttp_request_middleware.go:75
10. github.com/gogf/gf/v2/util/gutil.TryCatch
    E:/GO/GOPATH/pkg/mod/github.com/gogf/gf/v2@v2.3.2/util/gutil/gutil.go:56
11. github.com/gogf/gf/v2/net/ghttp.(*middleware).Next
    E:/GO/GOPATH/pkg/mod/github.com/gogf/gf/v2@v2.3.2/net/ghttp/ghttp_request_middleware.go:49
12. github.com/SupenBysz/gf-admin-community/internal/logic/sys_jwt.(*sJwt).MakeSession
    E:/GO/GOPATH/pkg/mod/github.com/!supen!bysz/gf-admin-community@v0.4.1/internal/logic/sys_jwt/sys_jwt.go:171
13. github.com/SupenBysz/gf-admin-community/internal/logic/sys_jwt.(*sJwt).Middleware
    E:/GO/GOPATH/pkg/mod/github.com/!supen!bysz/gf-admin-community@v0.4.1/internal/logic/sys_jwt/sys_jwt.go:131
14. github.com/SupenBysz/gf-admin-community/internal/logic/sys_middleware.(*sMiddleware).Auth
    E:/GO/GOPATH/pkg/mod/github.com/!supen!bysz/gf-admin-community@v0.4.1/internal/logic/sys_middleware/sys_middleware.go:27
15. github.com/gogf/gf/v2/net/ghttp.(*middleware).Next.func1.1
    E:/GO/GOPATH/pkg/mod/github.com/gogf/gf/v2@v2.3.2/net/ghttp/ghttp_request_middleware.go:55
16. github.com/gogf/gf/v2/net/ghttp.niceCallFunc
    E:/GO/GOPATH/pkg/mod/github.com/gogf/gf/v2@v2.3.2/net/ghttp/ghttp_func.go:55
17. github.com/gogf/gf/v2/net/ghttp.(*middleware).Next.func1
    E:/GO/GOPATH/pkg/mod/github.com/gogf/gf/v2@v2.3.2/net/ghttp/ghttp_request_middleware.go:54
18. github.com/gogf/gf/v2/util/gutil.TryCatch
    E:/GO/GOPATH/pkg/mod/github.com/gogf/gf/v2@v2.3.2/util/gutil/gutil.go:56
19. github.com/gogf/gf/v2/net/ghttp.(*middleware).Next
    E:/GO/GOPATH/pkg/mod/github.com/gogf/gf/v2@v2.3.2/net/ghttp/ghttp_request_middleware.go:49
20. github.com/SupenBysz/gf-admin-community/internal/logic/sys_middleware.(*sMiddleware).ResponseHandler
    E:/GO/GOPATH/pkg/mod/github.com/!supen!bysz/gf-admin-community@v0.4.1/internal/logic/sys_middleware/sys_middleware.go:65
21. github.com/gogf/gf/v2/net/ghttp.(*middleware).Next.func1.1
    E:/GO/GOPATH/pkg/mod/github.com/gogf/gf/v2@v2.3.2/net/ghttp/ghttp_request_middleware.go:55
22. github.com/gogf/gf/v2/net/ghttp.niceCallFunc
    E:/GO/GOPATH/pkg/mod/github.com/gogf/gf/v2@v2.3.2/net/ghttp/ghttp_func.go:55
23. github.com/gogf/gf/v2/net/ghttp.(*middleware).Next.func1
    E:/GO/GOPATH/pkg/mod/github.com/gogf/gf/v2@v2.3.2/net/ghttp/ghttp_request_middleware.go:54
24. github.com/gogf/gf/v2/util/gutil.TryCatch
    E:/GO/GOPATH/pkg/mod/github.com/gogf/gf/v2@v2.3.2/util/gutil/gutil.go:56
25. github.com/gogf/gf/v2/net/ghttp.(*middleware).Next
    E:/GO/GOPATH/pkg/mod/github.com/gogf/gf/v2@v2.3.2/net/ghttp/ghttp_request_middleware.go:49
26. github.com/SupenBysz/gf-admin-community/internal/logic/sys_middleware.(*sMiddleware).CTX
    E:/GO/GOPATH/pkg/mod/github.com/!supen!bysz/gf-admin-community@v0.4.1/internal/logic/sys_middleware/sys_middleware.go:46
27. github.com/gogf/gf/v2/net/ghttp.(*middleware).Next.func1.1
    E:/GO/GOPATH/pkg/mod/github.com/gogf/gf/v2@v2.3.2/net/ghttp/ghttp_request_middleware.go:55
28. github.com/gogf/gf/v2/net/ghttp.niceCallFunc
    E:/GO/GOPATH/pkg/mod/github.com/gogf/gf/v2@v2.3.2/net/ghttp/ghttp_func.go:55
29. github.com/gogf/gf/v2/net/ghttp.(*middleware).Next.func1
    E:/GO/GOPATH/pkg/mod/github.com/gogf/gf/v2@v2.3.2/net/ghttp/ghttp_request_middleware.go:54
30. github.com/gogf/gf/v2/util/gutil.TryCatch
    E:/GO/GOPATH/pkg/mod/github.com/gogf/gf/v2@v2.3.2/util/gutil/gutil.go:56
31. github.com/gogf/gf/v2/net/ghttp.(*middleware).Next
    E:/GO/GOPATH/pkg/mod/github.com/gogf/gf/v2@v2.3.2/net/ghttp/ghttp_request_middleware.go:49
32. github.com/gogf/gf/v2/net/ghttp.internalMiddlewareServerTracing
    E:/GO/GOPATH/pkg/mod/github.com/gogf/gf/v2@v2.3.2/net/ghttp/ghttp_middleware_tracing.go:78
33. github.com/gogf/gf/v2/net/ghttp.(*middleware).Next.func1.5
    E:/GO/GOPATH/pkg/mod/github.com/gogf/gf/v2@v2.3.2/net/ghttp/ghttp_request_middleware.go:96
34. github.com/gogf/gf/v2/net/ghttp.niceCallFunc
    E:/GO/GOPATH/pkg/mod/github.com/gogf/gf/v2@v2.3.2/net/ghttp/ghttp_func.go:55
35. github.com/gogf/gf/v2/net/ghttp.(*middleware).Next.func1
    E:/GO/GOPATH/pkg/mod/github.com/gogf/gf/v2@v2.3.2/net/ghttp/ghttp_request_middleware.go:95
36. github.com/gogf/gf/v2/util/gutil.TryCatch
    E:/GO/GOPATH/pkg/mod/github.com/gogf/gf/v2@v2.3.2/util/gutil/gutil.go:56
37. github.com/gogf/gf/v2/net/ghttp.(*middleware).Next
    E:/GO/GOPATH/pkg/mod/github.com/gogf/gf/v2@v2.3.2/net/ghttp/ghttp_request_middleware.go:49
38. github.com/gogf/gf/v2/net/ghttp.(*Server).ServeHTTP
    E:/GO/GOPATH/pkg/mod/github.com/gogf/gf/v2@v2.3.2/net/ghttp/ghttp_server_handler.go:132

2023-04-01 14:19:39.408 [ERRO] {94d0efa536bb5117f66b087ed6763e16} 查询商品ID失败
Stack:
1.  github.com/SupenBysz/gf-admin-community/internal/logic/sys_logs.(*sSysLogs).Error
    E:/GO/GOPATH/pkg/mod/github.com/!supen!bysz/gf-admin-community@v0.4.1/internal/logic/sys_logs/sys_logs.go:104
2.  github.com/SupenBysz/gf-admin-community/internal/logic/sys_logs.(*sSysLogs).ErrorSimple
    E:/GO/GOPATH/pkg/mod/github.com/!supen!bysz/gf-admin-community@v0.4.1/internal/logic/sys_logs/sys_logs.go:114
3.  401-company/internal/logic/commodity.(*sCommodity).SaveCommodity
    E:/GO/GOPATH/src/401-company/internal/logic/commodity/commodity.go:101
4.  401-company/internal/logic/commodity.(*sCommodity).CreateCommodity
    E:/GO/GOPATH/src/401-company/internal/logic/commodity/commodity.go:31
5.  401-company/controller.(*cCommodity).CreateCommodity
    E:/GO/GOPATH/src/401-company/controller/commodity.go:23
6.  github.com/gogf/gf/v2/net/ghttp.(*middleware).callHandlerFunc.func1
    E:/GO/GOPATH/pkg/mod/github.com/gogf/gf/v2@v2.3.2/net/ghttp/ghttp_request_middleware.go:152
7.  github.com/gogf/gf/v2/net/ghttp.niceCallFunc
    E:/GO/GOPATH/pkg/mod/github.com/gogf/gf/v2@v2.3.2/net/ghttp/ghttp_func.go:55
8.  github.com/gogf/gf/v2/net/ghttp.(*middleware).callHandlerFunc
    E:/GO/GOPATH/pkg/mod/github.com/gogf/gf/v2@v2.3.2/net/ghttp/ghttp_request_middleware.go:129
9.  github.com/gogf/gf/v2/net/ghttp.(*middleware).Next.func1
    E:/GO/GOPATH/pkg/mod/github.com/gogf/gf/v2@v2.3.2/net/ghttp/ghttp_request_middleware.go:75
10. github.com/gogf/gf/v2/util/gutil.TryCatch
    E:/GO/GOPATH/pkg/mod/github.com/gogf/gf/v2@v2.3.2/util/gutil/gutil.go:56
11. github.com/gogf/gf/v2/net/ghttp.(*middleware).Next
    E:/GO/GOPATH/pkg/mod/github.com/gogf/gf/v2@v2.3.2/net/ghttp/ghttp_request_middleware.go:49
12. github.com/SupenBysz/gf-admin-community/internal/logic/sys_jwt.(*sJwt).MakeSession
    E:/GO/GOPATH/pkg/mod/github.com/!supen!bysz/gf-admin-community@v0.4.1/internal/logic/sys_jwt/sys_jwt.go:171
13. github.com/SupenBysz/gf-admin-community/internal/logic/sys_jwt.(*sJwt).Middleware
    E:/GO/GOPATH/pkg/mod/github.com/!supen!bysz/gf-admin-community@v0.4.1/internal/logic/sys_jwt/sys_jwt.go:131
14. github.com/SupenBysz/gf-admin-community/internal/logic/sys_middleware.(*sMiddleware).Auth
    E:/GO/GOPATH/pkg/mod/github.com/!supen!bysz/gf-admin-community@v0.4.1/internal/logic/sys_middleware/sys_middleware.go:27
15. github.com/gogf/gf/v2/net/ghttp.(*middleware).Next.func1.1
    E:/GO/GOPATH/pkg/mod/github.com/gogf/gf/v2@v2.3.2/net/ghttp/ghttp_request_middleware.go:55
16. github.com/gogf/gf/v2/net/ghttp.niceCallFunc
    E:/GO/GOPATH/pkg/mod/github.com/gogf/gf/v2@v2.3.2/net/ghttp/ghttp_func.go:55
17. github.com/gogf/gf/v2/net/ghttp.(*middleware).Next.func1
    E:/GO/GOPATH/pkg/mod/github.com/gogf/gf/v2@v2.3.2/net/ghttp/ghttp_request_middleware.go:54
18. github.com/gogf/gf/v2/util/gutil.TryCatch
    E:/GO/GOPATH/pkg/mod/github.com/gogf/gf/v2@v2.3.2/util/gutil/gutil.go:56
19. github.com/gogf/gf/v2/net/ghttp.(*middleware).Next
    E:/GO/GOPATH/pkg/mod/github.com/gogf/gf/v2@v2.3.2/net/ghttp/ghttp_request_middleware.go:49
20. github.com/SupenBysz/gf-admin-community/internal/logic/sys_middleware.(*sMiddleware).ResponseHandler
    E:/GO/GOPATH/pkg/mod/github.com/!supen!bysz/gf-admin-community@v0.4.1/internal/logic/sys_middleware/sys_middleware.go:65
21. github.com/gogf/gf/v2/net/ghttp.(*middleware).Next.func1.1
    E:/GO/GOPATH/pkg/mod/github.com/gogf/gf/v2@v2.3.2/net/ghttp/ghttp_request_middleware.go:55
22. github.com/gogf/gf/v2/net/ghttp.niceCallFunc
    E:/GO/GOPATH/pkg/mod/github.com/gogf/gf/v2@v2.3.2/net/ghttp/ghttp_func.go:55
23. github.com/gogf/gf/v2/net/ghttp.(*middleware).Next.func1
    E:/GO/GOPATH/pkg/mod/github.com/gogf/gf/v2@v2.3.2/net/ghttp/ghttp_request_middleware.go:54
24. github.com/gogf/gf/v2/util/gutil.TryCatch
    E:/GO/GOPATH/pkg/mod/github.com/gogf/gf/v2@v2.3.2/util/gutil/gutil.go:56
25. github.com/gogf/gf/v2/net/ghttp.(*middleware).Next
    E:/GO/GOPATH/pkg/mod/github.com/gogf/gf/v2@v2.3.2/net/ghttp/ghttp_request_middleware.go:49
26. github.com/SupenBysz/gf-admin-community/internal/logic/sys_middleware.(*sMiddleware).CTX
    E:/GO/GOPATH/pkg/mod/github.com/!supen!bysz/gf-admin-community@v0.4.1/internal/logic/sys_middleware/sys_middleware.go:46
27. github.com/gogf/gf/v2/net/ghttp.(*middleware).Next.func1.1
    E:/GO/GOPATH/pkg/mod/github.com/gogf/gf/v2@v2.3.2/net/ghttp/ghttp_request_middleware.go:55
28. github.com/gogf/gf/v2/net/ghttp.niceCallFunc
    E:/GO/GOPATH/pkg/mod/github.com/gogf/gf/v2@v2.3.2/net/ghttp/ghttp_func.go:55
29. github.com/gogf/gf/v2/net/ghttp.(*middleware).Next.func1
    E:/GO/GOPATH/pkg/mod/github.com/gogf/gf/v2@v2.3.2/net/ghttp/ghttp_request_middleware.go:54
30. github.com/gogf/gf/v2/util/gutil.TryCatch
    E:/GO/GOPATH/pkg/mod/github.com/gogf/gf/v2@v2.3.2/util/gutil/gutil.go:56
31. github.com/gogf/gf/v2/net/ghttp.(*middleware).Next
    E:/GO/GOPATH/pkg/mod/github.com/gogf/gf/v2@v2.3.2/net/ghttp/ghttp_request_middleware.go:49
32. github.com/gogf/gf/v2/net/ghttp.internalMiddlewareServerTracing
    E:/GO/GOPATH/pkg/mod/github.com/gogf/gf/v2@v2.3.2/net/ghttp/ghttp_middleware_tracing.go:78
33. github.com/gogf/gf/v2/net/ghttp.(*middleware).Next.func1.5
    E:/GO/GOPATH/pkg/mod/github.com/gogf/gf/v2@v2.3.2/net/ghttp/ghttp_request_middleware.go:96
34. github.com/gogf/gf/v2/net/ghttp.niceCallFunc
    E:/GO/GOPATH/pkg/mod/github.com/gogf/gf/v2@v2.3.2/net/ghttp/ghttp_func.go:55
35. github.com/gogf/gf/v2/net/ghttp.(*middleware).Next.func1
    E:/GO/GOPATH/pkg/mod/github.com/gogf/gf/v2@v2.3.2/net/ghttp/ghttp_request_middleware.go:95
36. github.com/gogf/gf/v2/util/gutil.TryCatch
    E:/GO/GOPATH/pkg/mod/github.com/gogf/gf/v2@v2.3.2/util/gutil/gutil.go:56
37. github.com/gogf/gf/v2/net/ghttp.(*middleware).Next
    E:/GO/GOPATH/pkg/mod/github.com/gogf/gf/v2@v2.3.2/net/ghttp/ghttp_request_middleware.go:49
38. github.com/gogf/gf/v2/net/ghttp.(*Server).ServeHTTP
    E:/GO/GOPATH/pkg/mod/github.com/gogf/gf/v2@v2.3.2/net/ghttp/ghttp_server_handler.go:132

2023-04-01 14:21:22.741 [ERRO] {1037a6b34ebb5117a1e21b3c97a2586d} 查询商品ID失败
Stack:
1.  github.com/SupenBysz/gf-admin-community/internal/logic/sys_logs.(*sSysLogs).Error
    E:/GO/GOPATH/pkg/mod/github.com/!supen!bysz/gf-admin-community@v0.4.1/internal/logic/sys_logs/sys_logs.go:104
2.  github.com/SupenBysz/gf-admin-community/internal/logic/sys_logs.(*sSysLogs).ErrorSimple
    E:/GO/GOPATH/pkg/mod/github.com/!supen!bysz/gf-admin-community@v0.4.1/internal/logic/sys_logs/sys_logs.go:114
3.  401-company/internal/logic/commodity.(*sCommodity).SaveCommodity
    E:/GO/GOPATH/src/401-company/internal/logic/commodity/commodity.go:101
4.  401-company/internal/logic/commodity.(*sCommodity).CreateCommodity
    E:/GO/GOPATH/src/401-company/internal/logic/commodity/commodity.go:31
5.  401-company/controller.(*cCommodity).CreateCommodity
    E:/GO/GOPATH/src/401-company/controller/commodity.go:23
6.  github.com/gogf/gf/v2/net/ghttp.(*middleware).callHandlerFunc.func1
    E:/GO/GOPATH/pkg/mod/github.com/gogf/gf/v2@v2.3.2/net/ghttp/ghttp_request_middleware.go:152
7.  github.com/gogf/gf/v2/net/ghttp.niceCallFunc
    E:/GO/GOPATH/pkg/mod/github.com/gogf/gf/v2@v2.3.2/net/ghttp/ghttp_func.go:55
8.  github.com/gogf/gf/v2/net/ghttp.(*middleware).callHandlerFunc
    E:/GO/GOPATH/pkg/mod/github.com/gogf/gf/v2@v2.3.2/net/ghttp/ghttp_request_middleware.go:129
9.  github.com/gogf/gf/v2/net/ghttp.(*middleware).Next.func1
    E:/GO/GOPATH/pkg/mod/github.com/gogf/gf/v2@v2.3.2/net/ghttp/ghttp_request_middleware.go:75
10. github.com/gogf/gf/v2/util/gutil.TryCatch
    E:/GO/GOPATH/pkg/mod/github.com/gogf/gf/v2@v2.3.2/util/gutil/gutil.go:56
11. github.com/gogf/gf/v2/net/ghttp.(*middleware).Next
    E:/GO/GOPATH/pkg/mod/github.com/gogf/gf/v2@v2.3.2/net/ghttp/ghttp_request_middleware.go:49
12. github.com/SupenBysz/gf-admin-community/internal/logic/sys_jwt.(*sJwt).MakeSession
    E:/GO/GOPATH/pkg/mod/github.com/!supen!bysz/gf-admin-community@v0.4.1/internal/logic/sys_jwt/sys_jwt.go:171
13. github.com/SupenBysz/gf-admin-community/internal/logic/sys_jwt.(*sJwt).Middleware
    E:/GO/GOPATH/pkg/mod/github.com/!supen!bysz/gf-admin-community@v0.4.1/internal/logic/sys_jwt/sys_jwt.go:131
14. github.com/SupenBysz/gf-admin-community/internal/logic/sys_middleware.(*sMiddleware).Auth
    E:/GO/GOPATH/pkg/mod/github.com/!supen!bysz/gf-admin-community@v0.4.1/internal/logic/sys_middleware/sys_middleware.go:27
15. github.com/gogf/gf/v2/net/ghttp.(*middleware).Next.func1.1
    E:/GO/GOPATH/pkg/mod/github.com/gogf/gf/v2@v2.3.2/net/ghttp/ghttp_request_middleware.go:55
16. github.com/gogf/gf/v2/net/ghttp.niceCallFunc
    E:/GO/GOPATH/pkg/mod/github.com/gogf/gf/v2@v2.3.2/net/ghttp/ghttp_func.go:55
17. github.com/gogf/gf/v2/net/ghttp.(*middleware).Next.func1
    E:/GO/GOPATH/pkg/mod/github.com/gogf/gf/v2@v2.3.2/net/ghttp/ghttp_request_middleware.go:54
18. github.com/gogf/gf/v2/util/gutil.TryCatch
    E:/GO/GOPATH/pkg/mod/github.com/gogf/gf/v2@v2.3.2/util/gutil/gutil.go:56
19. github.com/gogf/gf/v2/net/ghttp.(*middleware).Next
    E:/GO/GOPATH/pkg/mod/github.com/gogf/gf/v2@v2.3.2/net/ghttp/ghttp_request_middleware.go:49
20. github.com/SupenBysz/gf-admin-community/internal/logic/sys_middleware.(*sMiddleware).ResponseHandler
    E:/GO/GOPATH/pkg/mod/github.com/!supen!bysz/gf-admin-community@v0.4.1/internal/logic/sys_middleware/sys_middleware.go:65
21. github.com/gogf/gf/v2/net/ghttp.(*middleware).Next.func1.1
    E:/GO/GOPATH/pkg/mod/github.com/gogf/gf/v2@v2.3.2/net/ghttp/ghttp_request_middleware.go:55
22. github.com/gogf/gf/v2/net/ghttp.niceCallFunc
    E:/GO/GOPATH/pkg/mod/github.com/gogf/gf/v2@v2.3.2/net/ghttp/ghttp_func.go:55
23. github.com/gogf/gf/v2/net/ghttp.(*middleware).Next.func1
    E:/GO/GOPATH/pkg/mod/github.com/gogf/gf/v2@v2.3.2/net/ghttp/ghttp_request_middleware.go:54
24. github.com/gogf/gf/v2/util/gutil.TryCatch
    E:/GO/GOPATH/pkg/mod/github.com/gogf/gf/v2@v2.3.2/util/gutil/gutil.go:56
25. github.com/gogf/gf/v2/net/ghttp.(*middleware).Next
    E:/GO/GOPATH/pkg/mod/github.com/gogf/gf/v2@v2.3.2/net/ghttp/ghttp_request_middleware.go:49
26. github.com/SupenBysz/gf-admin-community/internal/logic/sys_middleware.(*sMiddleware).CTX
    E:/GO/GOPATH/pkg/mod/github.com/!supen!bysz/gf-admin-community@v0.4.1/internal/logic/sys_middleware/sys_middleware.go:46
27. github.com/gogf/gf/v2/net/ghttp.(*middleware).Next.func1.1
    E:/GO/GOPATH/pkg/mod/github.com/gogf/gf/v2@v2.3.2/net/ghttp/ghttp_request_middleware.go:55
28. github.com/gogf/gf/v2/net/ghttp.niceCallFunc
    E:/GO/GOPATH/pkg/mod/github.com/gogf/gf/v2@v2.3.2/net/ghttp/ghttp_func.go:55
29. github.com/gogf/gf/v2/net/ghttp.(*middleware).Next.func1
    E:/GO/GOPATH/pkg/mod/github.com/gogf/gf/v2@v2.3.2/net/ghttp/ghttp_request_middleware.go:54
30. github.com/gogf/gf/v2/util/gutil.TryCatch
    E:/GO/GOPATH/pkg/mod/github.com/gogf/gf/v2@v2.3.2/util/gutil/gutil.go:56
31. github.com/gogf/gf/v2/net/ghttp.(*middleware).Next
    E:/GO/GOPATH/pkg/mod/github.com/gogf/gf/v2@v2.3.2/net/ghttp/ghttp_request_middleware.go:49
32. github.com/gogf/gf/v2/net/ghttp.internalMiddlewareServerTracing
    E:/GO/GOPATH/pkg/mod/github.com/gogf/gf/v2@v2.3.2/net/ghttp/ghttp_middleware_tracing.go:78
33. github.com/gogf/gf/v2/net/ghttp.(*middleware).Next.func1.5
    E:/GO/GOPATH/pkg/mod/github.com/gogf/gf/v2@v2.3.2/net/ghttp/ghttp_request_middleware.go:96
34. github.com/gogf/gf/v2/net/ghttp.niceCallFunc
    E:/GO/GOPATH/pkg/mod/github.com/gogf/gf/v2@v2.3.2/net/ghttp/ghttp_func.go:55
35. github.com/gogf/gf/v2/net/ghttp.(*middleware).Next.func1
    E:/GO/GOPATH/pkg/mod/github.com/gogf/gf/v2@v2.3.2/net/ghttp/ghttp_request_middleware.go:95
36. github.com/gogf/gf/v2/util/gutil.TryCatch
    E:/GO/GOPATH/pkg/mod/github.com/gogf/gf/v2@v2.3.2/util/gutil/gutil.go:56
37. github.com/gogf/gf/v2/net/ghttp.(*middleware).Next
    E:/GO/GOPATH/pkg/mod/github.com/gogf/gf/v2@v2.3.2/net/ghttp/ghttp_request_middleware.go:49
38. github.com/gogf/gf/v2/net/ghttp.(*Server).ServeHTTP
    E:/GO/GOPATH/pkg/mod/github.com/gogf/gf/v2@v2.3.2/net/ghttp/ghttp_server_handler.go:132

2023-04-01 14:23:36.486 [ERRO] {906598da6dbb5117a4e21b3cb8510991} 根据id查询商品失败
Stack:
1.  github.com/SupenBysz/gf-admin-community/internal/logic/sys_logs.(*sSysLogs).Error
    E:/GO/GOPATH/pkg/mod/github.com/!supen!bysz/gf-admin-community@v0.4.1/internal/logic/sys_logs/sys_logs.go:104
2.  github.com/SupenBysz/gf-admin-community/internal/logic/sys_logs.(*sSysLogs).ErrorSimple
    E:/GO/GOPATH/pkg/mod/github.com/!supen!bysz/gf-admin-community@v0.4.1/internal/logic/sys_logs/sys_logs.go:114
3.  401-company/internal/logic/commodity.(*sCommodity).QueryCommodity
    E:/GO/GOPATH/src/401-company/internal/logic/commodity/commodity.go:110
4.  401-company/controller.(*cCommodity).QueryCommodity
    E:/GO/GOPATH/src/401-company/controller/commodity.go:45
5.  github.com/gogf/gf/v2/net/ghttp.(*middleware).callHandlerFunc.func1
    E:/GO/GOPATH/pkg/mod/github.com/gogf/gf/v2@v2.3.2/net/ghttp/ghttp_request_middleware.go:152
6.  github.com/gogf/gf/v2/net/ghttp.niceCallFunc
    E:/GO/GOPATH/pkg/mod/github.com/gogf/gf/v2@v2.3.2/net/ghttp/ghttp_func.go:55
7.  github.com/gogf/gf/v2/net/ghttp.(*middleware).callHandlerFunc
    E:/GO/GOPATH/pkg/mod/github.com/gogf/gf/v2@v2.3.2/net/ghttp/ghttp_request_middleware.go:129
8.  github.com/gogf/gf/v2/net/ghttp.(*middleware).Next.func1
    E:/GO/GOPATH/pkg/mod/github.com/gogf/gf/v2@v2.3.2/net/ghttp/ghttp_request_middleware.go:75
9.  github.com/gogf/gf/v2/util/gutil.TryCatch
    E:/GO/GOPATH/pkg/mod/github.com/gogf/gf/v2@v2.3.2/util/gutil/gutil.go:56
10. github.com/gogf/gf/v2/net/ghttp.(*middleware).Next
    E:/GO/GOPATH/pkg/mod/github.com/gogf/gf/v2@v2.3.2/net/ghttp/ghttp_request_middleware.go:49
11. github.com/SupenBysz/gf-admin-community/internal/logic/sys_jwt.(*sJwt).MakeSession
    E:/GO/GOPATH/pkg/mod/github.com/!supen!bysz/gf-admin-community@v0.4.1/internal/logic/sys_jwt/sys_jwt.go:171
12. github.com/SupenBysz/gf-admin-community/internal/logic/sys_jwt.(*sJwt).Middleware
    E:/GO/GOPATH/pkg/mod/github.com/!supen!bysz/gf-admin-community@v0.4.1/internal/logic/sys_jwt/sys_jwt.go:131
13. github.com/SupenBysz/gf-admin-community/internal/logic/sys_middleware.(*sMiddleware).Auth
    E:/GO/GOPATH/pkg/mod/github.com/!supen!bysz/gf-admin-community@v0.4.1/internal/logic/sys_middleware/sys_middleware.go:27
14. github.com/gogf/gf/v2/net/ghttp.(*middleware).Next.func1.1
    E:/GO/GOPATH/pkg/mod/github.com/gogf/gf/v2@v2.3.2/net/ghttp/ghttp_request_middleware.go:55
15. github.com/gogf/gf/v2/net/ghttp.niceCallFunc
    E:/GO/GOPATH/pkg/mod/github.com/gogf/gf/v2@v2.3.2/net/ghttp/ghttp_func.go:55
16. github.com/gogf/gf/v2/net/ghttp.(*middleware).Next.func1
    E:/GO/GOPATH/pkg/mod/github.com/gogf/gf/v2@v2.3.2/net/ghttp/ghttp_request_middleware.go:54
17. github.com/gogf/gf/v2/util/gutil.TryCatch
    E:/GO/GOPATH/pkg/mod/github.com/gogf/gf/v2@v2.3.2/util/gutil/gutil.go:56
18. github.com/gogf/gf/v2/net/ghttp.(*middleware).Next
    E:/GO/GOPATH/pkg/mod/github.com/gogf/gf/v2@v2.3.2/net/ghttp/ghttp_request_middleware.go:49
19. github.com/SupenBysz/gf-admin-community/internal/logic/sys_middleware.(*sMiddleware).ResponseHandler
    E:/GO/GOPATH/pkg/mod/github.com/!supen!bysz/gf-admin-community@v0.4.1/internal/logic/sys_middleware/sys_middleware.go:65
20. github.com/gogf/gf/v2/net/ghttp.(*middleware).Next.func1.1
    E:/GO/GOPATH/pkg/mod/github.com/gogf/gf/v2@v2.3.2/net/ghttp/ghttp_request_middleware.go:55
21. github.com/gogf/gf/v2/net/ghttp.niceCallFunc
    E:/GO/GOPATH/pkg/mod/github.com/gogf/gf/v2@v2.3.2/net/ghttp/ghttp_func.go:55
22. github.com/gogf/gf/v2/net/ghttp.(*middleware).Next.func1
    E:/GO/GOPATH/pkg/mod/github.com/gogf/gf/v2@v2.3.2/net/ghttp/ghttp_request_middleware.go:54
23. github.com/gogf/gf/v2/util/gutil.TryCatch
    E:/GO/GOPATH/pkg/mod/github.com/gogf/gf/v2@v2.3.2/util/gutil/gutil.go:56
24. github.com/gogf/gf/v2/net/ghttp.(*middleware).Next
    E:/GO/GOPATH/pkg/mod/github.com/gogf/gf/v2@v2.3.2/net/ghttp/ghttp_request_middleware.go:49
25. github.com/SupenBysz/gf-admin-community/internal/logic/sys_middleware.(*sMiddleware).CTX
    E:/GO/GOPATH/pkg/mod/github.com/!supen!bysz/gf-admin-community@v0.4.1/internal/logic/sys_middleware/sys_middleware.go:46
26. github.com/gogf/gf/v2/net/ghttp.(*middleware).Next.func1.1
    E:/GO/GOPATH/pkg/mod/github.com/gogf/gf/v2@v2.3.2/net/ghttp/ghttp_request_middleware.go:55
27. github.com/gogf/gf/v2/net/ghttp.niceCallFunc
    E:/GO/GOPATH/pkg/mod/github.com/gogf/gf/v2@v2.3.2/net/ghttp/ghttp_func.go:55
28. github.com/gogf/gf/v2/net/ghttp.(*middleware).Next.func1
    E:/GO/GOPATH/pkg/mod/github.com/gogf/gf/v2@v2.3.2/net/ghttp/ghttp_request_middleware.go:54
29. github.com/gogf/gf/v2/util/gutil.TryCatch
    E:/GO/GOPATH/pkg/mod/github.com/gogf/gf/v2@v2.3.2/util/gutil/gutil.go:56
30. github.com/gogf/gf/v2/net/ghttp.(*middleware).Next
    E:/GO/GOPATH/pkg/mod/github.com/gogf/gf/v2@v2.3.2/net/ghttp/ghttp_request_middleware.go:49
31. github.com/gogf/gf/v2/net/ghttp.internalMiddlewareServerTracing
    E:/GO/GOPATH/pkg/mod/github.com/gogf/gf/v2@v2.3.2/net/ghttp/ghttp_middleware_tracing.go:78
32. github.com/gogf/gf/v2/net/ghttp.(*middleware).Next.func1.5
    E:/GO/GOPATH/pkg/mod/github.com/gogf/gf/v2@v2.3.2/net/ghttp/ghttp_request_middleware.go:96
33. github.com/gogf/gf/v2/net/ghttp.niceCallFunc
    E:/GO/GOPATH/pkg/mod/github.com/gogf/gf/v2@v2.3.2/net/ghttp/ghttp_func.go:55
34. github.com/gogf/gf/v2/net/ghttp.(*middleware).Next.func1
    E:/GO/GOPATH/pkg/mod/github.com/gogf/gf/v2@v2.3.2/net/ghttp/ghttp_request_middleware.go:95
35. github.com/gogf/gf/v2/util/gutil.TryCatch
    E:/GO/GOPATH/pkg/mod/github.com/gogf/gf/v2@v2.3.2/util/gutil/gutil.go:56
36. github.com/gogf/gf/v2/net/ghttp.(*middleware).Next
    E:/GO/GOPATH/pkg/mod/github.com/gogf/gf/v2@v2.3.2/net/ghttp/ghttp_request_middleware.go:49
37. github.com/gogf/gf/v2/net/ghttp.(*Server).ServeHTTP
    E:/GO/GOPATH/pkg/mod/github.com/gogf/gf/v2@v2.3.2/net/ghttp/ghttp_server_handler.go:132

2023-04-01 14:23:55.344 [ERRO] {7cc07b3d72bb5117a6e21b3cc57fda5a} 查询商品ID失败
Stack:
1.  github.com/SupenBysz/gf-admin-community/internal/logic/sys_logs.(*sSysLogs).Error
    E:/GO/GOPATH/pkg/mod/github.com/!supen!bysz/gf-admin-community@v0.4.1/internal/logic/sys_logs/sys_logs.go:104
2.  github.com/SupenBysz/gf-admin-community/internal/logic/sys_logs.(*sSysLogs).ErrorSimple
    E:/GO/GOPATH/pkg/mod/github.com/!supen!bysz/gf-admin-community@v0.4.1/internal/logic/sys_logs/sys_logs.go:114
3.  401-company/internal/logic/commodity.(*sCommodity).SaveCommodity
    E:/GO/GOPATH/src/401-company/internal/logic/commodity/commodity.go:101
4.  401-company/internal/logic/commodity.(*sCommodity).CreateCommodity
    E:/GO/GOPATH/src/401-company/internal/logic/commodity/commodity.go:31
5.  401-company/controller.(*cCommodity).CreateCommodity
    E:/GO/GOPATH/src/401-company/controller/commodity.go:23
6.  github.com/gogf/gf/v2/net/ghttp.(*middleware).callHandlerFunc.func1
    E:/GO/GOPATH/pkg/mod/github.com/gogf/gf/v2@v2.3.2/net/ghttp/ghttp_request_middleware.go:152
7.  github.com/gogf/gf/v2/net/ghttp.niceCallFunc
    E:/GO/GOPATH/pkg/mod/github.com/gogf/gf/v2@v2.3.2/net/ghttp/ghttp_func.go:55
8.  github.com/gogf/gf/v2/net/ghttp.(*middleware).callHandlerFunc
    E:/GO/GOPATH/pkg/mod/github.com/gogf/gf/v2@v2.3.2/net/ghttp/ghttp_request_middleware.go:129
9.  github.com/gogf/gf/v2/net/ghttp.(*middleware).Next.func1
    E:/GO/GOPATH/pkg/mod/github.com/gogf/gf/v2@v2.3.2/net/ghttp/ghttp_request_middleware.go:75
10. github.com/gogf/gf/v2/util/gutil.TryCatch
    E:/GO/GOPATH/pkg/mod/github.com/gogf/gf/v2@v2.3.2/util/gutil/gutil.go:56
11. github.com/gogf/gf/v2/net/ghttp.(*middleware).Next
    E:/GO/GOPATH/pkg/mod/github.com/gogf/gf/v2@v2.3.2/net/ghttp/ghttp_request_middleware.go:49
12. github.com/SupenBysz/gf-admin-community/internal/logic/sys_jwt.(*sJwt).MakeSession
    E:/GO/GOPATH/pkg/mod/github.com/!supen!bysz/gf-admin-community@v0.4.1/internal/logic/sys_jwt/sys_jwt.go:171
13. github.com/SupenBysz/gf-admin-community/internal/logic/sys_jwt.(*sJwt).Middleware
    E:/GO/GOPATH/pkg/mod/github.com/!supen!bysz/gf-admin-community@v0.4.1/internal/logic/sys_jwt/sys_jwt.go:131
14. github.com/SupenBysz/gf-admin-community/internal/logic/sys_middleware.(*sMiddleware).Auth
    E:/GO/GOPATH/pkg/mod/github.com/!supen!bysz/gf-admin-community@v0.4.1/internal/logic/sys_middleware/sys_middleware.go:27
15. github.com/gogf/gf/v2/net/ghttp.(*middleware).Next.func1.1
    E:/GO/GOPATH/pkg/mod/github.com/gogf/gf/v2@v2.3.2/net/ghttp/ghttp_request_middleware.go:55
16. github.com/gogf/gf/v2/net/ghttp.niceCallFunc
    E:/GO/GOPATH/pkg/mod/github.com/gogf/gf/v2@v2.3.2/net/ghttp/ghttp_func.go:55
17. github.com/gogf/gf/v2/net/ghttp.(*middleware).Next.func1
    E:/GO/GOPATH/pkg/mod/github.com/gogf/gf/v2@v2.3.2/net/ghttp/ghttp_request_middleware.go:54
18. github.com/gogf/gf/v2/util/gutil.TryCatch
    E:/GO/GOPATH/pkg/mod/github.com/gogf/gf/v2@v2.3.2/util/gutil/gutil.go:56
19. github.com/gogf/gf/v2/net/ghttp.(*middleware).Next
    E:/GO/GOPATH/pkg/mod/github.com/gogf/gf/v2@v2.3.2/net/ghttp/ghttp_request_middleware.go:49
20. github.com/SupenBysz/gf-admin-community/internal/logic/sys_middleware.(*sMiddleware).ResponseHandler
    E:/GO/GOPATH/pkg/mod/github.com/!supen!bysz/gf-admin-community@v0.4.1/internal/logic/sys_middleware/sys_middleware.go:65
21. github.com/gogf/gf/v2/net/ghttp.(*middleware).Next.func1.1
    E:/GO/GOPATH/pkg/mod/github.com/gogf/gf/v2@v2.3.2/net/ghttp/ghttp_request_middleware.go:55
22. github.com/gogf/gf/v2/net/ghttp.niceCallFunc
    E:/GO/GOPATH/pkg/mod/github.com/gogf/gf/v2@v2.3.2/net/ghttp/ghttp_func.go:55
23. github.com/gogf/gf/v2/net/ghttp.(*middleware).Next.func1
    E:/GO/GOPATH/pkg/mod/github.com/gogf/gf/v2@v2.3.2/net/ghttp/ghttp_request_middleware.go:54
24. github.com/gogf/gf/v2/util/gutil.TryCatch
    E:/GO/GOPATH/pkg/mod/github.com/gogf/gf/v2@v2.3.2/util/gutil/gutil.go:56
25. github.com/gogf/gf/v2/net/ghttp.(*middleware).Next
    E:/GO/GOPATH/pkg/mod/github.com/gogf/gf/v2@v2.3.2/net/ghttp/ghttp_request_middleware.go:49
26. github.com/SupenBysz/gf-admin-community/internal/logic/sys_middleware.(*sMiddleware).CTX
    E:/GO/GOPATH/pkg/mod/github.com/!supen!bysz/gf-admin-community@v0.4.1/internal/logic/sys_middleware/sys_middleware.go:46
27. github.com/gogf/gf/v2/net/ghttp.(*middleware).Next.func1.1
    E:/GO/GOPATH/pkg/mod/github.com/gogf/gf/v2@v2.3.2/net/ghttp/ghttp_request_middleware.go:55
28. github.com/gogf/gf/v2/net/ghttp.niceCallFunc
    E:/GO/GOPATH/pkg/mod/github.com/gogf/gf/v2@v2.3.2/net/ghttp/ghttp_func.go:55
29. github.com/gogf/gf/v2/net/ghttp.(*middleware).Next.func1
    E:/GO/GOPATH/pkg/mod/github.com/gogf/gf/v2@v2.3.2/net/ghttp/ghttp_request_middleware.go:54
30. github.com/gogf/gf/v2/util/gutil.TryCatch
    E:/GO/GOPATH/pkg/mod/github.com/gogf/gf/v2@v2.3.2/util/gutil/gutil.go:56
31. github.com/gogf/gf/v2/net/ghttp.(*middleware).Next
    E:/GO/GOPATH/pkg/mod/github.com/gogf/gf/v2@v2.3.2/net/ghttp/ghttp_request_middleware.go:49
32. github.com/gogf/gf/v2/net/ghttp.internalMiddlewareServerTracing
    E:/GO/GOPATH/pkg/mod/github.com/gogf/gf/v2@v2.3.2/net/ghttp/ghttp_middleware_tracing.go:78
33. github.com/gogf/gf/v2/net/ghttp.(*middleware).Next.func1.5
    E:/GO/GOPATH/pkg/mod/github.com/gogf/gf/v2@v2.3.2/net/ghttp/ghttp_request_middleware.go:96
34. github.com/gogf/gf/v2/net/ghttp.niceCallFunc
    E:/GO/GOPATH/pkg/mod/github.com/gogf/gf/v2@v2.3.2/net/ghttp/ghttp_func.go:55
35. github.com/gogf/gf/v2/net/ghttp.(*middleware).Next.func1
    E:/GO/GOPATH/pkg/mod/github.com/gogf/gf/v2@v2.3.2/net/ghttp/ghttp_request_middleware.go:95
36. github.com/gogf/gf/v2/util/gutil.TryCatch
    E:/GO/GOPATH/pkg/mod/github.com/gogf/gf/v2@v2.3.2/util/gutil/gutil.go:56
37. github.com/gogf/gf/v2/net/ghttp.(*middleware).Next
    E:/GO/GOPATH/pkg/mod/github.com/gogf/gf/v2@v2.3.2/net/ghttp/ghttp_request_middleware.go:49
38. github.com/gogf/gf/v2/net/ghttp.(*Server).ServeHTTP
    E:/GO/GOPATH/pkg/mod/github.com/gogf/gf/v2@v2.3.2/net/ghttp/ghttp_server_handler.go:132

2023-04-01 14:27:07.430 [ERRO] {041ca8f69ebb5117a8e21b3c603af536}
2023-04-01 14:27:12.674 [ERRO] {f0abba2fa0bb5117a9e21b3ced433b42} 查询商品ID失败
Stack:
1.  github.com/SupenBysz/gf-admin-community/internal/logic/sys_logs.(*sSysLogs).Error
    E:/GO/GOPATH/pkg/mod/github.com/!supen!bysz/gf-admin-community@v0.4.1/internal/logic/sys_logs/sys_logs.go:104
2.  github.com/SupenBysz/gf-admin-community/internal/logic/sys_logs.(*sSysLogs).ErrorSimple
    E:/GO/GOPATH/pkg/mod/github.com/!supen!bysz/gf-admin-community@v0.4.1/internal/logic/sys_logs/sys_logs.go:114
3.  401-company/internal/logic/commodity.(*sCommodity).SaveCommodity
    E:/GO/GOPATH/src/401-company/internal/logic/commodity/commodity.go:101
4.  401-company/internal/logic/commodity.(*sCommodity).CreateCommodity
    E:/GO/GOPATH/src/401-company/internal/logic/commodity/commodity.go:31
5.  401-company/controller.(*cCommodity).CreateCommodity
    E:/GO/GOPATH/src/401-company/controller/commodity.go:23
6.  github.com/gogf/gf/v2/net/ghttp.(*middleware).callHandlerFunc.func1
    E:/GO/GOPATH/pkg/mod/github.com/gogf/gf/v2@v2.3.2/net/ghttp/ghttp_request_middleware.go:152
7.  github.com/gogf/gf/v2/net/ghttp.niceCallFunc
    E:/GO/GOPATH/pkg/mod/github.com/gogf/gf/v2@v2.3.2/net/ghttp/ghttp_func.go:55
8.  github.com/gogf/gf/v2/net/ghttp.(*middleware).callHandlerFunc
    E:/GO/GOPATH/pkg/mod/github.com/gogf/gf/v2@v2.3.2/net/ghttp/ghttp_request_middleware.go:129
9.  github.com/gogf/gf/v2/net/ghttp.(*middleware).Next.func1
    E:/GO/GOPATH/pkg/mod/github.com/gogf/gf/v2@v2.3.2/net/ghttp/ghttp_request_middleware.go:75
10. github.com/gogf/gf/v2/util/gutil.TryCatch
    E:/GO/GOPATH/pkg/mod/github.com/gogf/gf/v2@v2.3.2/util/gutil/gutil.go:56
11. github.com/gogf/gf/v2/net/ghttp.(*middleware).Next
    E:/GO/GOPATH/pkg/mod/github.com/gogf/gf/v2@v2.3.2/net/ghttp/ghttp_request_middleware.go:49
12. github.com/SupenBysz/gf-admin-community/internal/logic/sys_jwt.(*sJwt).MakeSession
    E:/GO/GOPATH/pkg/mod/github.com/!supen!bysz/gf-admin-community@v0.4.1/internal/logic/sys_jwt/sys_jwt.go:171
13. github.com/SupenBysz/gf-admin-community/internal/logic/sys_jwt.(*sJwt).Middleware
    E:/GO/GOPATH/pkg/mod/github.com/!supen!bysz/gf-admin-community@v0.4.1/internal/logic/sys_jwt/sys_jwt.go:131
14. github.com/SupenBysz/gf-admin-community/internal/logic/sys_middleware.(*sMiddleware).Auth
    E:/GO/GOPATH/pkg/mod/github.com/!supen!bysz/gf-admin-community@v0.4.1/internal/logic/sys_middleware/sys_middleware.go:27
15. github.com/gogf/gf/v2/net/ghttp.(*middleware).Next.func1.1
    E:/GO/GOPATH/pkg/mod/github.com/gogf/gf/v2@v2.3.2/net/ghttp/ghttp_request_middleware.go:55
16. github.com/gogf/gf/v2/net/ghttp.niceCallFunc
    E:/GO/GOPATH/pkg/mod/github.com/gogf/gf/v2@v2.3.2/net/ghttp/ghttp_func.go:55
17. github.com/gogf/gf/v2/net/ghttp.(*middleware).Next.func1
    E:/GO/GOPATH/pkg/mod/github.com/gogf/gf/v2@v2.3.2/net/ghttp/ghttp_request_middleware.go:54
18. github.com/gogf/gf/v2/util/gutil.TryCatch
    E:/GO/GOPATH/pkg/mod/github.com/gogf/gf/v2@v2.3.2/util/gutil/gutil.go:56
19. github.com/gogf/gf/v2/net/ghttp.(*middleware).Next
    E:/GO/GOPATH/pkg/mod/github.com/gogf/gf/v2@v2.3.2/net/ghttp/ghttp_request_middleware.go:49
20. github.com/SupenBysz/gf-admin-community/internal/logic/sys_middleware.(*sMiddleware).ResponseHandler
    E:/GO/GOPATH/pkg/mod/github.com/!supen!bysz/gf-admin-community@v0.4.1/internal/logic/sys_middleware/sys_middleware.go:65
21. github.com/gogf/gf/v2/net/ghttp.(*middleware).Next.func1.1
    E:/GO/GOPATH/pkg/mod/github.com/gogf/gf/v2@v2.3.2/net/ghttp/ghttp_request_middleware.go:55
22. github.com/gogf/gf/v2/net/ghttp.niceCallFunc
    E:/GO/GOPATH/pkg/mod/github.com/gogf/gf/v2@v2.3.2/net/ghttp/ghttp_func.go:55
23. github.com/gogf/gf/v2/net/ghttp.(*middleware).Next.func1
    E:/GO/GOPATH/pkg/mod/github.com/gogf/gf/v2@v2.3.2/net/ghttp/ghttp_request_middleware.go:54
24. github.com/gogf/gf/v2/util/gutil.TryCatch
    E:/GO/GOPATH/pkg/mod/github.com/gogf/gf/v2@v2.3.2/util/gutil/gutil.go:56
25. github.com/gogf/gf/v2/net/ghttp.(*middleware).Next
    E:/GO/GOPATH/pkg/mod/github.com/gogf/gf/v2@v2.3.2/net/ghttp/ghttp_request_middleware.go:49
26. github.com/SupenBysz/gf-admin-community/internal/logic/sys_middleware.(*sMiddleware).CTX
    E:/GO/GOPATH/pkg/mod/github.com/!supen!bysz/gf-admin-community@v0.4.1/internal/logic/sys_middleware/sys_middleware.go:46
27. github.com/gogf/gf/v2/net/ghttp.(*middleware).Next.func1.1
    E:/GO/GOPATH/pkg/mod/github.com/gogf/gf/v2@v2.3.2/net/ghttp/ghttp_request_middleware.go:55
28. github.com/gogf/gf/v2/net/ghttp.niceCallFunc
    E:/GO/GOPATH/pkg/mod/github.com/gogf/gf/v2@v2.3.2/net/ghttp/ghttp_func.go:55
29. github.com/gogf/gf/v2/net/ghttp.(*middleware).Next.func1
    E:/GO/GOPATH/pkg/mod/github.com/gogf/gf/v2@v2.3.2/net/ghttp/ghttp_request_middleware.go:54
30. github.com/gogf/gf/v2/util/gutil.TryCatch
    E:/GO/GOPATH/pkg/mod/github.com/gogf/gf/v2@v2.3.2/util/gutil/gutil.go:56
31. github.com/gogf/gf/v2/net/ghttp.(*middleware).Next
    E:/GO/GOPATH/pkg/mod/github.com/gogf/gf/v2@v2.3.2/net/ghttp/ghttp_request_middleware.go:49
32. github.com/gogf/gf/v2/net/ghttp.internalMiddlewareServerTracing
    E:/GO/GOPATH/pkg/mod/github.com/gogf/gf/v2@v2.3.2/net/ghttp/ghttp_middleware_tracing.go:78
33. github.com/gogf/gf/v2/net/ghttp.(*middleware).Next.func1.5
    E:/GO/GOPATH/pkg/mod/github.com/gogf/gf/v2@v2.3.2/net/ghttp/ghttp_request_middleware.go:96
34. github.com/gogf/gf/v2/net/ghttp.niceCallFunc
    E:/GO/GOPATH/pkg/mod/github.com/gogf/gf/v2@v2.3.2/net/ghttp/ghttp_func.go:55
35. github.com/gogf/gf/v2/net/ghttp.(*middleware).Next.func1
    E:/GO/GOPATH/pkg/mod/github.com/gogf/gf/v2@v2.3.2/net/ghttp/ghttp_request_middleware.go:95
36. github.com/gogf/gf/v2/util/gutil.TryCatch
    E:/GO/GOPATH/pkg/mod/github.com/gogf/gf/v2@v2.3.2/util/gutil/gutil.go:56
37. github.com/gogf/gf/v2/net/ghttp.(*middleware).Next
    E:/GO/GOPATH/pkg/mod/github.com/gogf/gf/v2@v2.3.2/net/ghttp/ghttp_request_middleware.go:49
38. github.com/gogf/gf/v2/net/ghttp.(*Server).ServeHTTP
    E:/GO/GOPATH/pkg/mod/github.com/gogf/gf/v2@v2.3.2/net/ghttp/ghttp_server_handler.go:132

2023-04-01 14:27:31.842 [ERRO] {f486a6a6a4bb5117aae21b3c7aef8554}
2023-04-01 14:27:37.325 [ERRO] {0cbf13eda5bb5117abe21b3cb54ad43a} 查询商品ID失败
Stack:
1.  github.com/SupenBysz/gf-admin-community/internal/logic/sys_logs.(*sSysLogs).Error
    E:/GO/GOPATH/pkg/mod/github.com/!supen!bysz/gf-admin-community@v0.4.1/internal/logic/sys_logs/sys_logs.go:104
2.  github.com/SupenBysz/gf-admin-community/internal/logic/sys_logs.(*sSysLogs).ErrorSimple
    E:/GO/GOPATH/pkg/mod/github.com/!supen!bysz/gf-admin-community@v0.4.1/internal/logic/sys_logs/sys_logs.go:114
3.  401-company/internal/logic/commodity.(*sCommodity).SaveCommodity
    E:/GO/GOPATH/src/401-company/internal/logic/commodity/commodity.go:101
4.  401-company/internal/logic/commodity.(*sCommodity).CreateCommodity
    E:/GO/GOPATH/src/401-company/internal/logic/commodity/commodity.go:31
5.  401-company/controller.(*cCommodity).CreateCommodity
    E:/GO/GOPATH/src/401-company/controller/commodity.go:23
6.  github.com/gogf/gf/v2/net/ghttp.(*middleware).callHandlerFunc.func1
    E:/GO/GOPATH/pkg/mod/github.com/gogf/gf/v2@v2.3.2/net/ghttp/ghttp_request_middleware.go:152
7.  github.com/gogf/gf/v2/net/ghttp.niceCallFunc
    E:/GO/GOPATH/pkg/mod/github.com/gogf/gf/v2@v2.3.2/net/ghttp/ghttp_func.go:55
8.  github.com/gogf/gf/v2/net/ghttp.(*middleware).callHandlerFunc
    E:/GO/GOPATH/pkg/mod/github.com/gogf/gf/v2@v2.3.2/net/ghttp/ghttp_request_middleware.go:129
9.  github.com/gogf/gf/v2/net/ghttp.(*middleware).Next.func1
    E:/GO/GOPATH/pkg/mod/github.com/gogf/gf/v2@v2.3.2/net/ghttp/ghttp_request_middleware.go:75
10. github.com/gogf/gf/v2/util/gutil.TryCatch
    E:/GO/GOPATH/pkg/mod/github.com/gogf/gf/v2@v2.3.2/util/gutil/gutil.go:56
11. github.com/gogf/gf/v2/net/ghttp.(*middleware).Next
    E:/GO/GOPATH/pkg/mod/github.com/gogf/gf/v2@v2.3.2/net/ghttp/ghttp_request_middleware.go:49
12. github.com/SupenBysz/gf-admin-community/internal/logic/sys_jwt.(*sJwt).MakeSession
    E:/GO/GOPATH/pkg/mod/github.com/!supen!bysz/gf-admin-community@v0.4.1/internal/logic/sys_jwt/sys_jwt.go:171
13. github.com/SupenBysz/gf-admin-community/internal/logic/sys_jwt.(*sJwt).Middleware
    E:/GO/GOPATH/pkg/mod/github.com/!supen!bysz/gf-admin-community@v0.4.1/internal/logic/sys_jwt/sys_jwt.go:131
14. github.com/SupenBysz/gf-admin-community/internal/logic/sys_middleware.(*sMiddleware).Auth
    E:/GO/GOPATH/pkg/mod/github.com/!supen!bysz/gf-admin-community@v0.4.1/internal/logic/sys_middleware/sys_middleware.go:27
15. github.com/gogf/gf/v2/net/ghttp.(*middleware).Next.func1.1
    E:/GO/GOPATH/pkg/mod/github.com/gogf/gf/v2@v2.3.2/net/ghttp/ghttp_request_middleware.go:55
16. github.com/gogf/gf/v2/net/ghttp.niceCallFunc
    E:/GO/GOPATH/pkg/mod/github.com/gogf/gf/v2@v2.3.2/net/ghttp/ghttp_func.go:55
17. github.com/gogf/gf/v2/net/ghttp.(*middleware).Next.func1
    E:/GO/GOPATH/pkg/mod/github.com/gogf/gf/v2@v2.3.2/net/ghttp/ghttp_request_middleware.go:54
18. github.com/gogf/gf/v2/util/gutil.TryCatch
    E:/GO/GOPATH/pkg/mod/github.com/gogf/gf/v2@v2.3.2/util/gutil/gutil.go:56
19. github.com/gogf/gf/v2/net/ghttp.(*middleware).Next
    E:/GO/GOPATH/pkg/mod/github.com/gogf/gf/v2@v2.3.2/net/ghttp/ghttp_request_middleware.go:49
20. github.com/SupenBysz/gf-admin-community/internal/logic/sys_middleware.(*sMiddleware).ResponseHandler
    E:/GO/GOPATH/pkg/mod/github.com/!supen!bysz/gf-admin-community@v0.4.1/internal/logic/sys_middleware/sys_middleware.go:65
21. github.com/gogf/gf/v2/net/ghttp.(*middleware).Next.func1.1
    E:/GO/GOPATH/pkg/mod/github.com/gogf/gf/v2@v2.3.2/net/ghttp/ghttp_request_middleware.go:55
22. github.com/gogf/gf/v2/net/ghttp.niceCallFunc
    E:/GO/GOPATH/pkg/mod/github.com/gogf/gf/v2@v2.3.2/net/ghttp/ghttp_func.go:55
23. github.com/gogf/gf/v2/net/ghttp.(*middleware).Next.func1
    E:/GO/GOPATH/pkg/mod/github.com/gogf/gf/v2@v2.3.2/net/ghttp/ghttp_request_middleware.go:54
24. github.com/gogf/gf/v2/util/gutil.TryCatch
    E:/GO/GOPATH/pkg/mod/github.com/gogf/gf/v2@v2.3.2/util/gutil/gutil.go:56
25. github.com/gogf/gf/v2/net/ghttp.(*middleware).Next
    E:/GO/GOPATH/pkg/mod/github.com/gogf/gf/v2@v2.3.2/net/ghttp/ghttp_request_middleware.go:49
26. github.com/SupenBysz/gf-admin-community/internal/logic/sys_middleware.(*sMiddleware).CTX
    E:/GO/GOPATH/pkg/mod/github.com/!supen!bysz/gf-admin-community@v0.4.1/internal/logic/sys_middleware/sys_middleware.go:46
27. github.com/gogf/gf/v2/net/ghttp.(*middleware).Next.func1.1
    E:/GO/GOPATH/pkg/mod/github.com/gogf/gf/v2@v2.3.2/net/ghttp/ghttp_request_middleware.go:55
28. github.com/gogf/gf/v2/net/ghttp.niceCallFunc
    E:/GO/GOPATH/pkg/mod/github.com/gogf/gf/v2@v2.3.2/net/ghttp/ghttp_func.go:55
29. github.com/gogf/gf/v2/net/ghttp.(*middleware).Next.func1
    E:/GO/GOPATH/pkg/mod/github.com/gogf/gf/v2@v2.3.2/net/ghttp/ghttp_request_middleware.go:54
30. github.com/gogf/gf/v2/util/gutil.TryCatch
    E:/GO/GOPATH/pkg/mod/github.com/gogf/gf/v2@v2.3.2/util/gutil/gutil.go:56
31. github.com/gogf/gf/v2/net/ghttp.(*middleware).Next
    E:/GO/GOPATH/pkg/mod/github.com/gogf/gf/v2@v2.3.2/net/ghttp/ghttp_request_middleware.go:49
32. github.com/gogf/gf/v2/net/ghttp.internalMiddlewareServerTracing
    E:/GO/GOPATH/pkg/mod/github.com/gogf/gf/v2@v2.3.2/net/ghttp/ghttp_middleware_tracing.go:78
33. github.com/gogf/gf/v2/net/ghttp.(*middleware).Next.func1.5
    E:/GO/GOPATH/pkg/mod/github.com/gogf/gf/v2@v2.3.2/net/ghttp/ghttp_request_middleware.go:96
34. github.com/gogf/gf/v2/net/ghttp.niceCallFunc
    E:/GO/GOPATH/pkg/mod/github.com/gogf/gf/v2@v2.3.2/net/ghttp/ghttp_func.go:55
35. github.com/gogf/gf/v2/net/ghttp.(*middleware).Next.func1
    E:/GO/GOPATH/pkg/mod/github.com/gogf/gf/v2@v2.3.2/net/ghttp/ghttp_request_middleware.go:95
36. github.com/gogf/gf/v2/util/gutil.TryCatch
    E:/GO/GOPATH/pkg/mod/github.com/gogf/gf/v2@v2.3.2/util/gutil/gutil.go:56
37. github.com/gogf/gf/v2/net/ghttp.(*middleware).Next
    E:/GO/GOPATH/pkg/mod/github.com/gogf/gf/v2@v2.3.2/net/ghttp/ghttp_request_middleware.go:49
38. github.com/gogf/gf/v2/net/ghttp.(*Server).ServeHTTP
    E:/GO/GOPATH/pkg/mod/github.com/gogf/gf/v2@v2.3.2/net/ghttp/ghttp_server_handler.go:132

2023-04-01 14:28:17.421 [ERRO] {387a8841afbb5117ace21b3cf12c149f} 查询商品ID失败
Stack:
1.  github.com/SupenBysz/gf-admin-community/internal/logic/sys_logs.(*sSysLogs).Error
    E:/GO/GOPATH/pkg/mod/github.com/!supen!bysz/gf-admin-community@v0.4.1/internal/logic/sys_logs/sys_logs.go:104
2.  github.com/SupenBysz/gf-admin-community/internal/logic/sys_logs.(*sSysLogs).ErrorSimple
    E:/GO/GOPATH/pkg/mod/github.com/!supen!bysz/gf-admin-community@v0.4.1/internal/logic/sys_logs/sys_logs.go:114
3.  401-company/internal/logic/commodity.(*sCommodity).SaveCommodity
    E:/GO/GOPATH/src/401-company/internal/logic/commodity/commodity.go:101
4.  401-company/internal/logic/commodity.(*sCommodity).CreateCommodity
    E:/GO/GOPATH/src/401-company/internal/logic/commodity/commodity.go:31
5.  401-company/controller.(*cCommodity).CreateCommodity
    E:/GO/GOPATH/src/401-company/controller/commodity.go:23
6.  github.com/gogf/gf/v2/net/ghttp.(*middleware).callHandlerFunc.func1
    E:/GO/GOPATH/pkg/mod/github.com/gogf/gf/v2@v2.3.2/net/ghttp/ghttp_request_middleware.go:152
7.  github.com/gogf/gf/v2/net/ghttp.niceCallFunc
    E:/GO/GOPATH/pkg/mod/github.com/gogf/gf/v2@v2.3.2/net/ghttp/ghttp_func.go:55
8.  github.com/gogf/gf/v2/net/ghttp.(*middleware).callHandlerFunc
    E:/GO/GOPATH/pkg/mod/github.com/gogf/gf/v2@v2.3.2/net/ghttp/ghttp_request_middleware.go:129
9.  github.com/gogf/gf/v2/net/ghttp.(*middleware).Next.func1
    E:/GO/GOPATH/pkg/mod/github.com/gogf/gf/v2@v2.3.2/net/ghttp/ghttp_request_middleware.go:75
10. github.com/gogf/gf/v2/util/gutil.TryCatch
    E:/GO/GOPATH/pkg/mod/github.com/gogf/gf/v2@v2.3.2/util/gutil/gutil.go:56
11. github.com/gogf/gf/v2/net/ghttp.(*middleware).Next
    E:/GO/GOPATH/pkg/mod/github.com/gogf/gf/v2@v2.3.2/net/ghttp/ghttp_request_middleware.go:49
12. github.com/SupenBysz/gf-admin-community/internal/logic/sys_jwt.(*sJwt).MakeSession
    E:/GO/GOPATH/pkg/mod/github.com/!supen!bysz/gf-admin-community@v0.4.1/internal/logic/sys_jwt/sys_jwt.go:171
13. github.com/SupenBysz/gf-admin-community/internal/logic/sys_jwt.(*sJwt).Middleware
    E:/GO/GOPATH/pkg/mod/github.com/!supen!bysz/gf-admin-community@v0.4.1/internal/logic/sys_jwt/sys_jwt.go:131
14. github.com/SupenBysz/gf-admin-community/internal/logic/sys_middleware.(*sMiddleware).Auth
    E:/GO/GOPATH/pkg/mod/github.com/!supen!bysz/gf-admin-community@v0.4.1/internal/logic/sys_middleware/sys_middleware.go:27
15. github.com/gogf/gf/v2/net/ghttp.(*middleware).Next.func1.1
    E:/GO/GOPATH/pkg/mod/github.com/gogf/gf/v2@v2.3.2/net/ghttp/ghttp_request_middleware.go:55
16. github.com/gogf/gf/v2/net/ghttp.niceCallFunc
    E:/GO/GOPATH/pkg/mod/github.com/gogf/gf/v2@v2.3.2/net/ghttp/ghttp_func.go:55
17. github.com/gogf/gf/v2/net/ghttp.(*middleware).Next.func1
    E:/GO/GOPATH/pkg/mod/github.com/gogf/gf/v2@v2.3.2/net/ghttp/ghttp_request_middleware.go:54
18. github.com/gogf/gf/v2/util/gutil.TryCatch
    E:/GO/GOPATH/pkg/mod/github.com/gogf/gf/v2@v2.3.2/util/gutil/gutil.go:56
19. github.com/gogf/gf/v2/net/ghttp.(*middleware).Next
    E:/GO/GOPATH/pkg/mod/github.com/gogf/gf/v2@v2.3.2/net/ghttp/ghttp_request_middleware.go:49
20. github.com/SupenBysz/gf-admin-community/internal/logic/sys_middleware.(*sMiddleware).ResponseHandler
    E:/GO/GOPATH/pkg/mod/github.com/!supen!bysz/gf-admin-community@v0.4.1/internal/logic/sys_middleware/sys_middleware.go:65
21. github.com/gogf/gf/v2/net/ghttp.(*middleware).Next.func1.1
    E:/GO/GOPATH/pkg/mod/github.com/gogf/gf/v2@v2.3.2/net/ghttp/ghttp_request_middleware.go:55
22. github.com/gogf/gf/v2/net/ghttp.niceCallFunc
    E:/GO/GOPATH/pkg/mod/github.com/gogf/gf/v2@v2.3.2/net/ghttp/ghttp_func.go:55
23. github.com/gogf/gf/v2/net/ghttp.(*middleware).Next.func1
    E:/GO/GOPATH/pkg/mod/github.com/gogf/gf/v2@v2.3.2/net/ghttp/ghttp_request_middleware.go:54
24. github.com/gogf/gf/v2/util/gutil.TryCatch
    E:/GO/GOPATH/pkg/mod/github.com/gogf/gf/v2@v2.3.2/util/gutil/gutil.go:56
25. github.com/gogf/gf/v2/net/ghttp.(*middleware).Next
    E:/GO/GOPATH/pkg/mod/github.com/gogf/gf/v2@v2.3.2/net/ghttp/ghttp_request_middleware.go:49
26. github.com/SupenBysz/gf-admin-community/internal/logic/sys_middleware.(*sMiddleware).CTX
    E:/GO/GOPATH/pkg/mod/github.com/!supen!bysz/gf-admin-community@v0.4.1/internal/logic/sys_middleware/sys_middleware.go:46
27. github.com/gogf/gf/v2/net/ghttp.(*middleware).Next.func1.1
    E:/GO/GOPATH/pkg/mod/github.com/gogf/gf/v2@v2.3.2/net/ghttp/ghttp_request_middleware.go:55
28. github.com/gogf/gf/v2/net/ghttp.niceCallFunc
    E:/GO/GOPATH/pkg/mod/github.com/gogf/gf/v2@v2.3.2/net/ghttp/ghttp_func.go:55
29. github.com/gogf/gf/v2/net/ghttp.(*middleware).Next.func1
    E:/GO/GOPATH/pkg/mod/github.com/gogf/gf/v2@v2.3.2/net/ghttp/ghttp_request_middleware.go:54
30. github.com/gogf/gf/v2/util/gutil.TryCatch
    E:/GO/GOPATH/pkg/mod/github.com/gogf/gf/v2@v2.3.2/util/gutil/gutil.go:56
31. github.com/gogf/gf/v2/net/ghttp.(*middleware).Next
    E:/GO/GOPATH/pkg/mod/github.com/gogf/gf/v2@v2.3.2/net/ghttp/ghttp_request_middleware.go:49
32. github.com/gogf/gf/v2/net/ghttp.internalMiddlewareServerTracing
    E:/GO/GOPATH/pkg/mod/github.com/gogf/gf/v2@v2.3.2/net/ghttp/ghttp_middleware_tracing.go:78
33. github.com/gogf/gf/v2/net/ghttp.(*middleware).Next.func1.5
    E:/GO/GOPATH/pkg/mod/github.com/gogf/gf/v2@v2.3.2/net/ghttp/ghttp_request_middleware.go:96
34. github.com/gogf/gf/v2/net/ghttp.niceCallFunc
    E:/GO/GOPATH/pkg/mod/github.com/gogf/gf/v2@v2.3.2/net/ghttp/ghttp_func.go:55
35. github.com/gogf/gf/v2/net/ghttp.(*middleware).Next.func1
    E:/GO/GOPATH/pkg/mod/github.com/gogf/gf/v2@v2.3.2/net/ghttp/ghttp_request_middleware.go:95
36. github.com/gogf/gf/v2/util/gutil.TryCatch
    E:/GO/GOPATH/pkg/mod/github.com/gogf/gf/v2@v2.3.2/util/gutil/gutil.go:56
37. github.com/gogf/gf/v2/net/ghttp.(*middleware).Next
    E:/GO/GOPATH/pkg/mod/github.com/gogf/gf/v2@v2.3.2/net/ghttp/ghttp_request_middleware.go:49
38. github.com/gogf/gf/v2/net/ghttp.(*Server).ServeHTTP
    E:/GO/GOPATH/pkg/mod/github.com/gogf/gf/v2@v2.3.2/net/ghttp/ghttp_server_handler.go:132

2023-04-01 14:28:36.136 [ERRO] {e0ad959ab3bb51177a05f23c04a428d4} 查询商品ID失败
Stack:
1.  github.com/SupenBysz/gf-admin-community/internal/logic/sys_logs.(*sSysLogs).Error
    E:/GO/GOPATH/pkg/mod/github.com/!supen!bysz/gf-admin-community@v0.4.1/internal/logic/sys_logs/sys_logs.go:104
2.  github.com/SupenBysz/gf-admin-community/internal/logic/sys_logs.(*sSysLogs).ErrorSimple
    E:/GO/GOPATH/pkg/mod/github.com/!supen!bysz/gf-admin-community@v0.4.1/internal/logic/sys_logs/sys_logs.go:114
3.  401-company/internal/logic/commodity.(*sCommodity).SaveCommodity
    E:/GO/GOPATH/src/401-company/internal/logic/commodity/commodity.go:107
4.  401-company/internal/logic/commodity.(*sCommodity).CreateCommodity
    E:/GO/GOPATH/src/401-company/internal/logic/commodity/commodity.go:31
5.  401-company/controller.(*cCommodity).CreateCommodity
    E:/GO/GOPATH/src/401-company/controller/commodity.go:23
6.  github.com/gogf/gf/v2/net/ghttp.(*middleware).callHandlerFunc.func1
    E:/GO/GOPATH/pkg/mod/github.com/gogf/gf/v2@v2.3.2/net/ghttp/ghttp_request_middleware.go:152
7.  github.com/gogf/gf/v2/net/ghttp.niceCallFunc
    E:/GO/GOPATH/pkg/mod/github.com/gogf/gf/v2@v2.3.2/net/ghttp/ghttp_func.go:55
8.  github.com/gogf/gf/v2/net/ghttp.(*middleware).callHandlerFunc
    E:/GO/GOPATH/pkg/mod/github.com/gogf/gf/v2@v2.3.2/net/ghttp/ghttp_request_middleware.go:129
9.  github.com/gogf/gf/v2/net/ghttp.(*middleware).Next.func1
    E:/GO/GOPATH/pkg/mod/github.com/gogf/gf/v2@v2.3.2/net/ghttp/ghttp_request_middleware.go:75
10. github.com/gogf/gf/v2/util/gutil.TryCatch
    E:/GO/GOPATH/pkg/mod/github.com/gogf/gf/v2@v2.3.2/util/gutil/gutil.go:56
11. github.com/gogf/gf/v2/net/ghttp.(*middleware).Next
    E:/GO/GOPATH/pkg/mod/github.com/gogf/gf/v2@v2.3.2/net/ghttp/ghttp_request_middleware.go:49
12. github.com/SupenBysz/gf-admin-community/internal/logic/sys_jwt.(*sJwt).MakeSession
    E:/GO/GOPATH/pkg/mod/github.com/!supen!bysz/gf-admin-community@v0.4.1/internal/logic/sys_jwt/sys_jwt.go:171
13. github.com/SupenBysz/gf-admin-community/internal/logic/sys_jwt.(*sJwt).Middleware
    E:/GO/GOPATH/pkg/mod/github.com/!supen!bysz/gf-admin-community@v0.4.1/internal/logic/sys_jwt/sys_jwt.go:131
14. github.com/SupenBysz/gf-admin-community/internal/logic/sys_middleware.(*sMiddleware).Auth
    E:/GO/GOPATH/pkg/mod/github.com/!supen!bysz/gf-admin-community@v0.4.1/internal/logic/sys_middleware/sys_middleware.go:27
15. github.com/gogf/gf/v2/net/ghttp.(*middleware).Next.func1.1
    E:/GO/GOPATH/pkg/mod/github.com/gogf/gf/v2@v2.3.2/net/ghttp/ghttp_request_middleware.go:55
16. github.com/gogf/gf/v2/net/ghttp.niceCallFunc
    E:/GO/GOPATH/pkg/mod/github.com/gogf/gf/v2@v2.3.2/net/ghttp/ghttp_func.go:55
17. github.com/gogf/gf/v2/net/ghttp.(*middleware).Next.func1
    E:/GO/GOPATH/pkg/mod/github.com/gogf/gf/v2@v2.3.2/net/ghttp/ghttp_request_middleware.go:54
18. github.com/gogf/gf/v2/util/gutil.TryCatch
    E:/GO/GOPATH/pkg/mod/github.com/gogf/gf/v2@v2.3.2/util/gutil/gutil.go:56
19. github.com/gogf/gf/v2/net/ghttp.(*middleware).Next
    E:/GO/GOPATH/pkg/mod/github.com/gogf/gf/v2@v2.3.2/net/ghttp/ghttp_request_middleware.go:49
20. github.com/SupenBysz/gf-admin-community/internal/logic/sys_middleware.(*sMiddleware).ResponseHandler
    E:/GO/GOPATH/pkg/mod/github.com/!supen!bysz/gf-admin-community@v0.4.1/internal/logic/sys_middleware/sys_middleware.go:65
21. github.com/gogf/gf/v2/net/ghttp.(*middleware).Next.func1.1
    E:/GO/GOPATH/pkg/mod/github.com/gogf/gf/v2@v2.3.2/net/ghttp/ghttp_request_middleware.go:55
22. github.com/gogf/gf/v2/net/ghttp.niceCallFunc
    E:/GO/GOPATH/pkg/mod/github.com/gogf/gf/v2@v2.3.2/net/ghttp/ghttp_func.go:55
23. github.com/gogf/gf/v2/net/ghttp.(*middleware).Next.func1
    E:/GO/GOPATH/pkg/mod/github.com/gogf/gf/v2@v2.3.2/net/ghttp/ghttp_request_middleware.go:54
24. github.com/gogf/gf/v2/util/gutil.TryCatch
    E:/GO/GOPATH/pkg/mod/github.com/gogf/gf/v2@v2.3.2/util/gutil/gutil.go:56
25. github.com/gogf/gf/v2/net/ghttp.(*middleware).Next
    E:/GO/GOPATH/pkg/mod/github.com/gogf/gf/v2@v2.3.2/net/ghttp/ghttp_request_middleware.go:49
26. github.com/SupenBysz/gf-admin-community/internal/logic/sys_middleware.(*sMiddleware).CTX
    E:/GO/GOPATH/pkg/mod/github.com/!supen!bysz/gf-admin-community@v0.4.1/internal/logic/sys_middleware/sys_middleware.go:46
27. github.com/gogf/gf/v2/net/ghttp.(*middleware).Next.func1.1
    E:/GO/GOPATH/pkg/mod/github.com/gogf/gf/v2@v2.3.2/net/ghttp/ghttp_request_middleware.go:55
28. github.com/gogf/gf/v2/net/ghttp.niceCallFunc
    E:/GO/GOPATH/pkg/mod/github.com/gogf/gf/v2@v2.3.2/net/ghttp/ghttp_func.go:55
29. github.com/gogf/gf/v2/net/ghttp.(*middleware).Next.func1
    E:/GO/GOPATH/pkg/mod/github.com/gogf/gf/v2@v2.3.2/net/ghttp/ghttp_request_middleware.go:54
30. github.com/gogf/gf/v2/util/gutil.TryCatch
    E:/GO/GOPATH/pkg/mod/github.com/gogf/gf/v2@v2.3.2/util/gutil/gutil.go:56
31. github.com/gogf/gf/v2/net/ghttp.(*middleware).Next
    E:/GO/GOPATH/pkg/mod/github.com/gogf/gf/v2@v2.3.2/net/ghttp/ghttp_request_middleware.go:49
32. github.com/gogf/gf/v2/net/ghttp.internalMiddlewareServerTracing
    E:/GO/GOPATH/pkg/mod/github.com/gogf/gf/v2@v2.3.2/net/ghttp/ghttp_middleware_tracing.go:78
33. github.com/gogf/gf/v2/net/ghttp.(*middleware).Next.func1.5
    E:/GO/GOPATH/pkg/mod/github.com/gogf/gf/v2@v2.3.2/net/ghttp/ghttp_request_middleware.go:96
34. github.com/gogf/gf/v2/net/ghttp.niceCallFunc
    E:/GO/GOPATH/pkg/mod/github.com/gogf/gf/v2@v2.3.2/net/ghttp/ghttp_func.go:55
35. github.com/gogf/gf/v2/net/ghttp.(*middleware).Next.func1
    E:/GO/GOPATH/pkg/mod/github.com/gogf/gf/v2@v2.3.2/net/ghttp/ghttp_request_middleware.go:95
36. github.com/gogf/gf/v2/util/gutil.TryCatch
    E:/GO/GOPATH/pkg/mod/github.com/gogf/gf/v2@v2.3.2/util/gutil/gutil.go:56
37. github.com/gogf/gf/v2/net/ghttp.(*middleware).Next
    E:/GO/GOPATH/pkg/mod/github.com/gogf/gf/v2@v2.3.2/net/ghttp/ghttp_request_middleware.go:49
38. github.com/gogf/gf/v2/net/ghttp.(*Server).ServeHTTP
    E:/GO/GOPATH/pkg/mod/github.com/gogf/gf/v2@v2.3.2/net/ghttp/ghttp_server_handler.go:132

2023-04-01 14:30:02.841 [ERRO] {300275cbc7bb511751e5f867f538dcd3}
2023-04-01 14:30:24.658 [ERRO] {70e69ce3ccbb511752e5f86708d3d329}
2023-04-01 14:50:39.865 [ERRO] {d80c8cd1e7bc5117e6dec065f77d4d03} 删除分类失败
Stack:
1.  github.com/SupenBysz/gf-admin-community/internal/logic/sys_logs.(*sSysLogs).Error
    E:/GO/GOPATH/pkg/mod/github.com/!supen!bysz/gf-admin-community@v0.4.1/internal/logic/sys_logs/sys_logs.go:104
2.  github.com/SupenBysz/gf-admin-community/internal/logic/sys_logs.(*sSysLogs).ErrorSimple
    E:/GO/GOPATH/pkg/mod/github.com/!supen!bysz/gf-admin-community@v0.4.1/internal/logic/sys_logs/sys_logs.go:114
3.  401-company/internal/logic/classify.(*sClassify).DeleteClassify
    E:/GO/GOPATH/src/401-company/internal/logic/classify/classify.go:109
4.  401-company/controller.(*cClassify).DeleteClassify
    E:/GO/GOPATH/src/401-company/controller/classify.go:56
5.  github.com/gogf/gf/v2/net/ghttp.(*middleware).callHandlerFunc.func1
    E:/GO/GOPATH/pkg/mod/github.com/gogf/gf/v2@v2.3.2/net/ghttp/ghttp_request_middleware.go:152
6.  github.com/gogf/gf/v2/net/ghttp.niceCallFunc
    E:/GO/GOPATH/pkg/mod/github.com/gogf/gf/v2@v2.3.2/net/ghttp/ghttp_func.go:55
7.  github.com/gogf/gf/v2/net/ghttp.(*middleware).callHandlerFunc
    E:/GO/GOPATH/pkg/mod/github.com/gogf/gf/v2@v2.3.2/net/ghttp/ghttp_request_middleware.go:129
8.  github.com/gogf/gf/v2/net/ghttp.(*middleware).Next.func1
    E:/GO/GOPATH/pkg/mod/github.com/gogf/gf/v2@v2.3.2/net/ghttp/ghttp_request_middleware.go:75
9.  github.com/gogf/gf/v2/util/gutil.TryCatch
    E:/GO/GOPATH/pkg/mod/github.com/gogf/gf/v2@v2.3.2/util/gutil/gutil.go:56
10. github.com/gogf/gf/v2/net/ghttp.(*middleware).Next
    E:/GO/GOPATH/pkg/mod/github.com/gogf/gf/v2@v2.3.2/net/ghttp/ghttp_request_middleware.go:49
11. github.com/SupenBysz/gf-admin-community/internal/logic/sys_jwt.(*sJwt).MakeSession
    E:/GO/GOPATH/pkg/mod/github.com/!supen!bysz/gf-admin-community@v0.4.1/internal/logic/sys_jwt/sys_jwt.go:171
12. github.com/SupenBysz/gf-admin-community/internal/logic/sys_jwt.(*sJwt).Middleware
    E:/GO/GOPATH/pkg/mod/github.com/!supen!bysz/gf-admin-community@v0.4.1/internal/logic/sys_jwt/sys_jwt.go:131
13. github.com/SupenBysz/gf-admin-community/internal/logic/sys_middleware.(*sMiddleware).Auth
    E:/GO/GOPATH/pkg/mod/github.com/!supen!bysz/gf-admin-community@v0.4.1/internal/logic/sys_middleware/sys_middleware.go:27
14. github.com/gogf/gf/v2/net/ghttp.(*middleware).Next.func1.1
    E:/GO/GOPATH/pkg/mod/github.com/gogf/gf/v2@v2.3.2/net/ghttp/ghttp_request_middleware.go:55
15. github.com/gogf/gf/v2/net/ghttp.niceCallFunc
    E:/GO/GOPATH/pkg/mod/github.com/gogf/gf/v2@v2.3.2/net/ghttp/ghttp_func.go:55
16. github.com/gogf/gf/v2/net/ghttp.(*middleware).Next.func1
    E:/GO/GOPATH/pkg/mod/github.com/gogf/gf/v2@v2.3.2/net/ghttp/ghttp_request_middleware.go:54
17. github.com/gogf/gf/v2/util/gutil.TryCatch
    E:/GO/GOPATH/pkg/mod/github.com/gogf/gf/v2@v2.3.2/util/gutil/gutil.go:56
18. github.com/gogf/gf/v2/net/ghttp.(*middleware).Next
    E:/GO/GOPATH/pkg/mod/github.com/gogf/gf/v2@v2.3.2/net/ghttp/ghttp_request_middleware.go:49
19. github.com/SupenBysz/gf-admin-community/internal/logic/sys_middleware.(*sMiddleware).ResponseHandler
    E:/GO/GOPATH/pkg/mod/github.com/!supen!bysz/gf-admin-community@v0.4.1/internal/logic/sys_middleware/sys_middleware.go:65
20. github.com/gogf/gf/v2/net/ghttp.(*middleware).Next.func1.1
    E:/GO/GOPATH/pkg/mod/github.com/gogf/gf/v2@v2.3.2/net/ghttp/ghttp_request_middleware.go:55
21. github.com/gogf/gf/v2/net/ghttp.niceCallFunc
    E:/GO/GOPATH/pkg/mod/github.com/gogf/gf/v2@v2.3.2/net/ghttp/ghttp_func.go:55
22. github.com/gogf/gf/v2/net/ghttp.(*middleware).Next.func1
    E:/GO/GOPATH/pkg/mod/github.com/gogf/gf/v2@v2.3.2/net/ghttp/ghttp_request_middleware.go:54
23. github.com/gogf/gf/v2/util/gutil.TryCatch
    E:/GO/GOPATH/pkg/mod/github.com/gogf/gf/v2@v2.3.2/util/gutil/gutil.go:56
24. github.com/gogf/gf/v2/net/ghttp.(*middleware).Next
    E:/GO/GOPATH/pkg/mod/github.com/gogf/gf/v2@v2.3.2/net/ghttp/ghttp_request_middleware.go:49
25. github.com/SupenBysz/gf-admin-community/internal/logic/sys_middleware.(*sMiddleware).CTX
    E:/GO/GOPATH/pkg/mod/github.com/!supen!bysz/gf-admin-community@v0.4.1/internal/logic/sys_middleware/sys_middleware.go:46
26. github.com/gogf/gf/v2/net/ghttp.(*middleware).Next.func1.1
    E:/GO/GOPATH/pkg/mod/github.com/gogf/gf/v2@v2.3.2/net/ghttp/ghttp_request_middleware.go:55
27. github.com/gogf/gf/v2/net/ghttp.niceCallFunc
    E:/GO/GOPATH/pkg/mod/github.com/gogf/gf/v2@v2.3.2/net/ghttp/ghttp_func.go:55
28. github.com/gogf/gf/v2/net/ghttp.(*middleware).Next.func1
    E:/GO/GOPATH/pkg/mod/github.com/gogf/gf/v2@v2.3.2/net/ghttp/ghttp_request_middleware.go:54
29. github.com/gogf/gf/v2/util/gutil.TryCatch
    E:/GO/GOPATH/pkg/mod/github.com/gogf/gf/v2@v2.3.2/util/gutil/gutil.go:56
30. github.com/gogf/gf/v2/net/ghttp.(*middleware).Next
    E:/GO/GOPATH/pkg/mod/github.com/gogf/gf/v2@v2.3.2/net/ghttp/ghttp_request_middleware.go:49
31. github.com/gogf/gf/v2/net/ghttp.internalMiddlewareServerTracing
    E:/GO/GOPATH/pkg/mod/github.com/gogf/gf/v2@v2.3.2/net/ghttp/ghttp_middleware_tracing.go:78
32. github.com/gogf/gf/v2/net/ghttp.(*middleware).Next.func1.5
    E:/GO/GOPATH/pkg/mod/github.com/gogf/gf/v2@v2.3.2/net/ghttp/ghttp_request_middleware.go:96
33. github.com/gogf/gf/v2/net/ghttp.niceCallFunc
    E:/GO/GOPATH/pkg/mod/github.com/gogf/gf/v2@v2.3.2/net/ghttp/ghttp_func.go:55
34. github.com/gogf/gf/v2/net/ghttp.(*middleware).Next.func1
    E:/GO/GOPATH/pkg/mod/github.com/gogf/gf/v2@v2.3.2/net/ghttp/ghttp_request_middleware.go:95
35. github.com/gogf/gf/v2/util/gutil.TryCatch
    E:/GO/GOPATH/pkg/mod/github.com/gogf/gf/v2@v2.3.2/util/gutil/gutil.go:56
36. github.com/gogf/gf/v2/net/ghttp.(*middleware).Next
    E:/GO/GOPATH/pkg/mod/github.com/gogf/gf/v2@v2.3.2/net/ghttp/ghttp_request_middleware.go:49
37. github.com/gogf/gf/v2/net/ghttp.(*Server).ServeHTTP
    E:/GO/GOPATH/pkg/mod/github.com/gogf/gf/v2@v2.3.2/net/ghttp/ghttp_server_handler.go:132

2023-04-01 14:50:44.365 [ERRO] {2c2494dae8bc5117e7dec065b597ebb4}
2023-04-01 14:58:38.949 [ERRO] {247fa95d57bd5117eadec065d9baf09e}
2023-04-01 15:00:05.755 [ERRO] {384b42946bbd5117ebdec0656b74a28e}
